======================================================
https://github.com/8dcc/source-netvar-dumper

Dumping offsets for "./tf/bin/client.so"
======================================================

CTETFParticleEffect->m_vecOrigin[0] : 0x10
CTETFParticleEffect->m_vecOrigin[1] : 0x14
CTETFParticleEffect->m_vecOrigin[2] : 0x18
CTETFParticleEffect->m_vecStart[0] : 0x1C
CTETFParticleEffect->m_vecStart[1] : 0x20
CTETFParticleEffect->m_vecStart[2] : 0x24
CTETFParticleEffect->m_vecAngles : 0x28
CTETFParticleEffect->m_iParticleSystemIndex : 0x34
CTETFParticleEffect->entindex : 0x0
CTETFParticleEffect->m_iAttachType : 0x3C
CTETFParticleEffect->m_iAttachmentPointIndex : 0x40
CTETFParticleEffect->m_bResetParticles : 0x44
CTETFParticleEffect->m_bCustomColors : 0x45
CTETFParticleEffect->m_CustomColors.m_vecColor1 : 0x48
CTETFParticleEffect->m_CustomColors.m_vecColor2 : 0x54
CTETFParticleEffect->m_bControlPoint1 : 0x60
CTETFParticleEffect->m_ControlPoint1.m_eParticleAttachment : 0x64
CTETFParticleEffect->m_ControlPoint1.m_vecOffset[0] : 0x68
CTETFParticleEffect->m_ControlPoint1.m_vecOffset[1] : 0x6C
CTETFParticleEffect->m_ControlPoint1.m_vecOffset[2] : 0x70
CTETFExplosion->m_vecOrigin[0] : 0x10
CTETFExplosion->m_vecOrigin[1] : 0x14
CTETFExplosion->m_vecOrigin[2] : 0x18
CTETFExplosion->m_vecNormal : 0x1C
CTETFExplosion->m_iWeaponID : 0x28
CTETFExplosion->entindex : 0x0
CTETFExplosion->m_nDefID : 0x30
CTETFExplosion->m_nSound : 0x34
CTETFExplosion->m_iCustomParticleIndex : 0x38
CTETFBlood->m_vecOrigin[0] : 0x10
CTETFBlood->m_vecOrigin[1] : 0x14
CTETFBlood->m_vecOrigin[2] : 0x18
CTETFBlood->m_vecNormal : 0x1C
CTETFBlood->entindex : 0x0
CTFBaseBoss->m_lastHealthPercentage : 0xDD0
CBossAlpha->m_isNuking : 0xDCC
CZombie->m_flHeadScale : 0xDCC
CMerasmus->m_bRevealed : 0xDF1
CMerasmus->m_bIsDoingAOEAttack : 0xDF2
CMerasmus->m_bStunned : 0xDF3
CEyeballBoss->m_lookAtSpot : 0xDCC
CEyeballBoss->m_attitude : 0xDD8
CTFWeaponSapper->m_flChargeBeginTime : 0xC58
CTFWeaponBuilder->m_iBuildState : 0xC28
CTFWeaponBuilder->m_iObjectType : 0xC2C
CTFWeaponBuilder->m_hObjectBeingBuilt : 0xC44
CTFWeaponBuilder->m_aBuildableObjectTypes : 0xC50
CTFWeaponBuilder->BuilderLocalData : 0x0
CTFWeaponBuilder->m_iObjectMode : 0xC30
CTFWeaponBuilder->m_flWheatleyTalkingUntil : 0xC4C
C_TFWeaponBuilder->m_iBuildState : 0xC28
C_TFWeaponBuilder->m_iObjectType : 0xC2C
C_TFWeaponBuilder->m_hObjectBeingBuilt : 0xC44
C_TFWeaponBuilder->m_aBuildableObjectTypes : 0xC50
C_TFWeaponBuilder->BuilderLocalData : 0x0
C_TFWeaponBuilder->m_iObjectMode : 0xC30
C_TFWeaponBuilder->m_flWheatleyTalkingUntil : 0xC4C
CTFTeam->m_nFlagCaptures : 0x5A0
CTFTeam->m_iRole : 0x5A4
CTFTeam->team_object_array_element : 0x0
CTFTeam->"team_object_array" : 0x0
CTFTeam->m_hLeader : 0x5A8
CTFProjectile_Rocket->m_bCritical : 0x8B4
CTFProjectile_Flare->m_bCritical : 0x8B4
CTFProjectile_EnergyBall->m_bChargedShot : 0x8B8
CTFProjectile_EnergyBall->m_vColor1 : 0x8BC
CTFProjectile_EnergyBall->m_vColor2 : 0x8C8
CTFProjectile_Arrow->m_bArrowAlight : 0x8BD
CTFProjectile_Arrow->m_bCritical : 0x8BE
CTFProjectile_Arrow->m_iProjectileType : 0x8CC
CTFPlayerResource->m_iTotalScore : 0x13C0
CTFPlayerResource->m_iMaxHealth : 0x1558
CTFPlayerResource->m_iMaxBuffedHealth : 0x16F0
CTFPlayerResource->m_iPlayerClass : 0x1888
CTFPlayerResource->m_bArenaSpectator : 0x1A20
CTFPlayerResource->m_iActiveDominations : 0x1A88
CTFPlayerResource->m_flNextRespawnTime : 0x1C20
CTFPlayerResource->m_iChargeLevel : 0x1DB8
CTFPlayerResource->m_iDamage : 0x1F50
CTFPlayerResource->m_iDamageAssist : 0x20E8
CTFPlayerResource->m_iDamageBoss : 0x2280
CTFPlayerResource->m_iHealing : 0x2418
CTFPlayerResource->m_iHealingAssist : 0x25B0
CTFPlayerResource->m_iDamageBlocked : 0x2748
CTFPlayerResource->m_iCurrencyCollected : 0x28E0
CTFPlayerResource->m_iBonusPoints : 0x2A78
CTFPlayerResource->m_iPlayerLevel : 0x2C10
CTFPlayerResource->m_iStreaks : 0x2DA8
CTFPlayerResource->m_iUpgradeRefundCredits : 0x3408
CTFPlayerResource->m_iBuybackCredits : 0x35A0
CTFPlayerResource->m_iPartyLeaderRedTeamIndex : 0x373C
CTFPlayerResource->m_iPartyLeaderBlueTeamIndex : 0x3738
CTFPlayerResource->m_iEventTeamStatus : 0x3740
CTFPlayerResource->m_iPlayerClassWhenKilled : 0x3744
CTFPlayerResource->m_iConnectionState : 0x38DC
CTFPlayerResource->m_flConnectTime : 0x3A74
CTFPlayer->m_bSaveMeParity : 0x1DD8
CTFPlayer->m_bIsMiniBoss : 0x1DCD
CTFPlayer->m_bIsABot : 0x1DCE
CTFPlayer->m_nBotSkill : 0x1DD0
CTFPlayer->m_nWaterLevel : 0x198
CTFPlayer->m_hRagdoll : 0x15B0
CTFPlayer->m_iClass : 0x1630
CTFPlayer->m_iszClassIcon : 0x1634
CTFPlayer->m_iszCustomModel : 0x1738
CTFPlayer->m_vecCustomModelOffset : 0x183C
CTFPlayer->m_angCustomModelRotation : 0x1848
CTFPlayer->m_bCustomModelRotates : 0x1854
CTFPlayer->m_bCustomModelRotationSet : 0x1855
CTFPlayer->m_bCustomModelVisibleToSelf : 0x1856
CTFPlayer->m_bUseClassAnimations : 0x1857
CTFPlayer->m_iClassModelParity : 0x1858
-- CTFPlayer->m_PlayerClass : 0x162C
CTFPlayer->m_nPlayerCond : 0x19A0
CTFPlayer->m_bJumping : 0x1B00
CTFPlayer->m_nNumHealers : 0x1A54
CTFPlayer->m_iCritMult : 0x1B74
CTFPlayer->m_iAirDash : 0x1B04
CTFPlayer->m_nAirDucked : 0x1B08
CTFPlayer->m_flDuckTimer : 0x1B0C
CTFPlayer->m_nPlayerState : 0x199C
CTFPlayer->m_iDesiredPlayerClass : 0x1AC0
CTFPlayer->m_flMovementStunTime : 0x1C44
CTFPlayer->m_iMovementStunAmount : 0x1C48
CTFPlayer->m_iMovementStunParity : 0x1C4C
CTFPlayer->m_hStunner : 0x1C50
CTFPlayer->m_iStunFlags : 0x1C54
CTFPlayer->m_nArenaNumChanges : 0x1C68
CTFPlayer->m_bArenaFirstBloodBoost : 0x1D3C
CTFPlayer->m_iWeaponKnockbackID : 0x1C6C
CTFPlayer->m_bLoadoutUnavailable : 0x1C70
CTFPlayer->m_iItemFindBonus : 0x1C74
CTFPlayer->m_bShieldEquipped : 0x1C78
CTFPlayer->m_bParachuteEquipped : 0x1C79
CTFPlayer->m_iNextMeleeCrit : 0x1CA4
CTFPlayer->m_iDecapitations : 0x1C7C
CTFPlayer->m_iRevengeCrits : 0x1CA0
CTFPlayer->m_iDisguiseBody : 0x1CB0
CTFPlayer->m_hCarriedObject : 0x1C5C
CTFPlayer->m_bCarryingObject : 0x1C60
CTFPlayer->m_flNextNoiseMakerTime : 0x1CB8
CTFPlayer->m_iSpawnRoomTouchCount : 0x1CB4
CTFPlayer->m_iKillCountSinceLastDeploy : 0x1CD8
CTFPlayer->m_flFirstPrimaryAttack : 0x1CDC
CTFPlayer->m_flEnergyDrinkMeter : 0x1AD0
CTFPlayer->m_flHypeMeter : 0x1AD4
CTFPlayer->m_flChargeMeter : 0x1AD8
CTFPlayer->m_flInvisChangeCompleteTime : 0x1A1C
CTFPlayer->m_nDisguiseTeam : 0x19D4
CTFPlayer->m_nDisguiseClass : 0x19D8
CTFPlayer->m_nDisguiseSkinOverride : 0x19DC
CTFPlayer->m_nMaskClass : 0x19E0
CTFPlayer->m_hDisguiseTarget : 0x19E4
CTFPlayer->m_iDisguiseHealth : 0x19E8
CTFPlayer->m_bFeignDeathReady : 0x1ABC
CTFPlayer->m_hDisguiseWeapon : 0x19F4
CTFPlayer->m_nTeamTeleporterUsed : 0x19F8
CTFPlayer->m_flCloakMeter : 0x1AC8
CTFPlayer->m_flSpyTranqBuffDuration : 0x1CE0
CTFPlayer->m_nDesiredDisguiseTeam : 0x19F0
CTFPlayer->m_nDesiredDisguiseClass : 0x19EC
CTFPlayer->m_flStealthNoAttackExpire : 0x1B10
CTFPlayer->m_flStealthNextChangeTime : 0x1B14
CTFPlayer->m_bLastDisguisedAsOwnTeam : 0x1A66
CTFPlayer->m_flRageMeter : 0x1ADC
CTFPlayer->m_bRageDraining : 0x1AE0
CTFPlayer->m_flNextRageEarnTime : 0x1AE4
CTFPlayer->m_bInUpgradeZone : 0x1ACC
CTFPlayer->m_flItemChargeMeter : 0x1B1C
CTFPlayer->m_bPlayerDominated : 0x1B78
CTFPlayer->m_bPlayerDominatingMe : 0x1BDE
CTFPlayer->m_iCaptures : 0x18F8
CTFPlayer->m_iDefenses : 0x18FC
CTFPlayer->m_iKills : 0x1900
CTFPlayer->m_iDeaths : 0x1904
CTFPlayer->m_iSuicides : 0x1908
CTFPlayer->m_iDominations : 0x190C
CTFPlayer->m_iRevenge : 0x1910
CTFPlayer->m_iBuildingsBuilt : 0x1914
CTFPlayer->m_iBuildingsDestroyed : 0x1918
CTFPlayer->m_iHeadshots : 0x191C
CTFPlayer->m_iBackstabs : 0x1920
CTFPlayer->m_iHealPoints : 0x1924
CTFPlayer->m_iInvulns : 0x1928
CTFPlayer->m_iTeleports : 0x192C
CTFPlayer->m_iResupplyPoints : 0x1938
CTFPlayer->m_iKillAssists : 0x193C
CTFPlayer->m_iPoints : 0x1944
CTFPlayer->m_iBonusPoints : 0x1940
CTFPlayer->m_iDamageDone : 0x1930
CTFPlayer->m_iCrits : 0x1934
CTFPlayer->m_ScoreData : 0x18F4
CTFPlayer->m_iCaptures : 0x194C
CTFPlayer->m_iDefenses : 0x1950
CTFPlayer->m_iKills : 0x1954
CTFPlayer->m_iDeaths : 0x1958
CTFPlayer->m_iSuicides : 0x195C
CTFPlayer->m_iDominations : 0x1960
CTFPlayer->m_iRevenge : 0x1964
CTFPlayer->m_iBuildingsBuilt : 0x1968
CTFPlayer->m_iBuildingsDestroyed : 0x196C
CTFPlayer->m_iHeadshots : 0x1970
CTFPlayer->m_iBackstabs : 0x1974
CTFPlayer->m_iHealPoints : 0x1978
CTFPlayer->m_iInvulns : 0x197C
CTFPlayer->m_iTeleports : 0x1980
CTFPlayer->m_iResupplyPoints : 0x198C
CTFPlayer->m_iKillAssists : 0x1990
CTFPlayer->m_iPoints : 0x1998
CTFPlayer->m_iBonusPoints : 0x1994
CTFPlayer->m_iDamageDone : 0x1984
CTFPlayer->m_iCrits : 0x1988
CTFPlayer->m_RoundScoreData : 0x1948
CTFPlayer->tfsharedlocaldata : 0x18D4
-- CTFPlayer->_condition_bits : 0x19CC
CTFPlayer->m_ConditionList : 0x19B4
CTFPlayer->m_iTauntIndex : 0x1A68
CTFPlayer->m_iTauntConcept : 0x1A6C
CTFPlayer->m_nPlayerCondEx : 0x19A4
CTFPlayer->m_iStunIndex : 0x1C58
CTFPlayer->m_nHalloweenBombHeadStage : 0x1A58
CTFPlayer->m_nPlayerCondEx2 : 0x19A8
CTFPlayer->m_nPlayerCondEx3 : 0x19AC
CTFPlayer->m_nStreaks : 0x1C84
CTFPlayer->m_unTauntSourceItemID_Low : 0x1A70
CTFPlayer->m_unTauntSourceItemID_High : 0x1A74
CTFPlayer->m_flRuneCharge : 0x1B18
CTFPlayer->m_bHasPasstimeBall : 0x1D50
CTFPlayer->m_bIsTargetedForPasstimePass : 0x1D51
CTFPlayer->m_hPasstimePassTarget : 0x1D54
CTFPlayer->m_askForBallTime : 0x1D58
CTFPlayer->m_bKingRuneBuffActive : 0x1A64
CTFPlayer->m_ConditionData : 0x18D4
CTFPlayer->m_nPlayerCondEx4 : 0x19B0
CTFPlayer->m_flHolsterAnimTime : 0x1D5C
CTFPlayer->m_hSwitchTo : 0x1D60
CTFPlayer->m_Shared : 0x18D4
CTFPlayer->m_hItem : 0x1D98
CTFPlayer->m_vecOrigin : 0x354
CTFPlayer->m_vecOrigin[2] : 0x35C
CTFPlayer->player_object_array_element : 0x0
CTFPlayer->"player_object_array" : 0x0
CTFPlayer->m_angEyeAngles[0] : 0x1DDC
CTFPlayer->m_angEyeAngles[1] : 0x1DE0
CTFPlayer->m_bIsCoaching : 0x1DDA
CTFPlayer->m_hCoach : 0x1DA0
CTFPlayer->m_hStudent : 0x1DA4
CTFPlayer->m_nCurrency : 0x30D8
CTFPlayer->m_nExperienceLevel : 0x30E0
CTFPlayer->m_nExperienceLevelProgress : 0x30E4
CTFPlayer->m_bMatchSafeToLeave : 0x30EC
CTFPlayer->tflocaldata : 0x0
CTFPlayer->m_vecOrigin : 0x354
CTFPlayer->m_vecOrigin[2] : 0x35C
CTFPlayer->m_angEyeAngles[0] : 0x1DDC
CTFPlayer->m_angEyeAngles[1] : 0x1DE0
CTFPlayer->tfnonlocaldata : 0x0
--CTFPlayer->m_bAllowMoveDuringTaunt : 0x1DE8
CTFPlayer->m_bIsReadyToHighFive : 0x1DFC
CTFPlayer->m_hHighFivePartner : 0x1E00
-- CTFPlayer->m_nForceTauntCam : 0x1E04
CTFPlayer->m_flTauntYaw : 0x1E08
CTFPlayer->m_nActiveTauntSlot : 0x1E10
CTFPlayer->m_iTauntItemDefIndex : 0x1E18
CTFPlayer->m_flCurrentTauntMoveSpeed : 0x1E1C
CTFPlayer->m_flVehicleReverseTime : 0x1E20
CTFPlayer->m_flMvMLastDamageTime : 0x1DC0
CTFPlayer->"m_flLastDamageTime" : 0x1DC0
CTFPlayer->m_bInPowerPlay : 0x1DC4
CTFPlayer->m_iSpawnCounter : 0x1DC8
CTFPlayer->m_bArenaSpectator : 0x1DCC
CTFPlayer->m_hOuter : 0x1584
CTFPlayer->m_ProviderType : 0x158C
CTFPlayer->m_iReapplyProvisionParity : 0x1580
-- CTFPlayer->m_AttributeManager : 0x154C
CTFPlayer->m_flHeadScale : 0x30FC
CTFPlayer->m_flTorsoScale : 0x3100
CTFPlayer->m_flHandScale : 0x3104
CTFPlayer->m_bUseBossHealthBar : 0x3124
CTFPlayer->m_bUsingVRHeadset : 0x3125
CTFPlayer->m_bForcedSkin : 0x3126
CTFPlayer->m_nForcedSkin : 0x3128
CTFPlayer->m_bGlowEnabled : 0xDA1
CTFPlayer->m_nActiveWpnClip : 0x30EE
CTFPlayer->TFSendHealersDataTable : 0x0
CTFPlayer->m_flKartNextAvailableBoost : 0x18C0
CTFPlayer->m_iKartHealth : 0x18C4
CTFPlayer->m_iKartState : 0x1548
CTFPlayer->m_hGrapplingHookTarget : 0x3138
CTFPlayer->m_hSecondaryLastWeapon : 0x313C
CTFPlayer->m_bUsingActionSlot : 0x3140
CTFPlayer->m_flInspectTime : 0x3148
CTFPlayer->m_flHelpmeButtonPressTime : 0x314C
CTFPlayer->m_iCampaignMedals : 0x3144
CTFPlayer->m_iPlayerSkinOverride : 0x3188
CTFPlayer->m_bViewingCYOAPDA : 0x3150
CTFPlayer->m_bRegenerating : 0x3151
CTFRagdoll->m_vecRagdollOrigin : 0xC60
CTFRagdoll->m_hPlayer : 0xC6C
CTFRagdoll->m_vecForce : 0x57C
CTFRagdoll->m_vecRagdollVelocity : 0xC54
CTFRagdoll->m_nForceBone : 0x588
CTFRagdoll->m_bGib : 0xC75
CTFRagdoll->m_bBurning : 0xC76
CTFRagdoll->m_bElectrocuted : 0xC77
CTFRagdoll->m_bFeignDeath : 0xC7A
CTFRagdoll->m_bWasDisguised : 0xC7B
CTFRagdoll->m_bOnGround : 0xCAE
CTFRagdoll->m_bCloaked : 0xC7C
CTFRagdoll->m_bBecomeAsh : 0xC7D
CTFRagdoll->m_iDamageCustom : 0xC80
CTFRagdoll->m_iTeam : 0xCA0
CTFRagdoll->m_iClass : 0xCA4
CTFRagdoll->m_hRagWearables : 0x0
CTFRagdoll->m_bGoldRagdoll : 0xC84
CTFRagdoll->m_bIceRagdoll : 0xC85
CTFRagdoll->m_bCritOnHardHit : 0xCEC
CTFRagdoll->m_flHeadScale : 0xCF0
CTFRagdoll->m_flTorsoScale : 0xCF4
CTFRagdoll->m_flHandScale : 0xCF8
CTEPlayerAnimEvent->m_hPlayer : 0x10
CTEPlayerAnimEvent->m_iEvent : 0x14
CTEPlayerAnimEvent->m_nData : 0x18
CTFPasstimeLogic->m_hBall : 0x75C
CTFPasstimeLogic->m_trackPoints[0] : 0x760
CTFPasstimeLogic->m_trackPoints : 0x0
CTFPasstimeLogic->m_iNumSections : 0x820
CTFPasstimeLogic->m_iCurrentSection : 0x824
CTFPasstimeLogic->m_flMaxPassRange : 0x828
CTFPasstimeLogic->m_iBallPower : 0x82C
CTFPasstimeLogic->m_flPackSpeed : 0x830
CTFPasstimeLogic->m_bPlayerIsPackMember : 0x6F4
CPasstimeBall->m_iCollisionCount : 0x898
CPasstimeBall->m_hHomingTarget : 0x89C
CPasstimeBall->m_hCarrier : 0x8A0
CPasstimeBall->m_hPrevCarrier : 0x8A4
CTFObjectiveResource->m_nMannVsMachineMaxWaveCount : 0x1A10
CTFObjectiveResource->m_nMannVsMachineWaveCount : 0x1A14
CTFObjectiveResource->m_nMannVsMachineWaveEnemyCount : 0x1A18
CTFObjectiveResource->m_nMvMWorldMoney : 0x1A1C
CTFObjectiveResource->m_flMannVsMachineNextWaveTime : 0x1A20
CTFObjectiveResource->m_bMannVsMachineBetweenWaves : 0x1A24
CTFObjectiveResource->m_nFlagCarrierUpgradeLevel : 0x1A28
CTFObjectiveResource->m_flMvMBaseBombUpgradeTime : 0x1A2C
CTFObjectiveResource->m_flMvMNextBombUpgradeTime : 0x1A30
CTFObjectiveResource->m_iszMvMPopfileName : 0x209C
CTFObjectiveResource->m_iChallengeIndex : 0x2098
CTFObjectiveResource->m_nMvMEventPopfileType : 0x1A34
CTFObjectiveResource->m_nMannVsMachineWaveClassCounts : 0x1A38
CTFObjectiveResource->m_iszMannVsMachineWaveClassNames[0] : 0x1A98
CTFObjectiveResource->m_iszMannVsMachineWaveClassNames : 0x0
CTFObjectiveResource->m_nMannVsMachineWaveClassFlags : 0x21A0
CTFObjectiveResource->m_nMannVsMachineWaveClassCounts2 : 0x1A68
CTFObjectiveResource->m_iszMannVsMachineWaveClassNames2[0] : 0x1D98
CTFObjectiveResource->m_iszMannVsMachineWaveClassNames2 : 0x0
CTFObjectiveResource->m_nMannVsMachineWaveClassFlags2 : 0x21D0
CTFObjectiveResource->m_bMannVsMachineWaveClassActive : 0x2200
CTFObjectiveResource->m_bMannVsMachineWaveClassActive2 : 0x220C
CTFGlow->m_iMode : 0x544
CTFGlow->m_glowColor : 0x548
CTFGlow->m_bDisabled : 0x54C
CTFGlow->m_hTarget : 0x550
CTEFireBullets->m_vecOrigin : 0x14
CTEFireBullets->m_vecAngles[0] : 0x20
CTEFireBullets->m_vecAngles[1] : 0x24
CTEFireBullets->m_iWeaponID : 0x2C
CTEFireBullets->m_iMode : 0x30
CTEFireBullets->m_iSeed : 0x34
CTEFireBullets->m_iPlayer : 0x10
CTEFireBullets->m_flSpread : 0x38
CTEFireBullets->m_bCritical : 0x3C
CTFAmmoPack->m_vecInitialVelocity : 0x898
CTFAmmoPack->m_angRotation[0] : 0x360
CTFAmmoPack->m_angRotation[1] : 0x364
CTFAmmoPack->m_angRotation[2] : 0x368
CObjectTeleporter->m_iState : 0xF98
CObjectTeleporter->m_flRechargeTime : 0xFA0
CObjectTeleporter->m_flCurrentRechargeDuration : 0xFA4
CObjectTeleporter->m_iTimesUsed : 0xFA8
CObjectTeleporter->m_flYawToExit : 0xFAC
CObjectTeleporter->m_bMatchBuilding : 0xFB0
CObjectSentrygun->m_iAmmoShells : 0xF9C
CObjectSentrygun->m_iAmmoRockets : 0xFA4
CObjectSentrygun->m_iState : 0xF98
CObjectSentrygun->m_bPlayerControlled : 0xFBC
CObjectSentrygun->m_nShieldLevel : 0xFC0
CObjectSentrygun->m_bShielded : 0xFC0
CObjectSentrygun->m_hEnemy : 0x1000
CObjectSentrygun->m_hAutoAimTarget : 0x1004
CObjectSentrygun->m_iKills : 0xFA8
CObjectSentrygun->m_iAssists : 0xFAC
CObjectSentrygun->SentrygunLocalData : 0x0
CObjectDispenser->m_iState : 0xFB0
CObjectDispenser->m_iAmmoMetal : 0xFB4
CObjectDispenser->m_iMiniBombCounter : 0xFB8
CObjectDispenser->healing_array_element : 0x0
CObjectDispenser->"healing_array" : 0x0
CMonsterResource->m_iBossHealthPercentageByte : 0x540
CMonsterResource->m_iBossStunPercentageByte : 0x544
CMonsterResource->m_iSkillShotCompleteCount : 0x548
CMonsterResource->m_fSkillShotComboEndTime : 0x54C
CMonsterResource->m_iBossState : 0x550
CFuncPasstimeGoal->m_bTriggerDisabled : 0x544
CFuncPasstimeGoal->m_iGoalType : 0x548
CCaptureZone->m_bDisabled : 0x544
CCurrencyPack->m_bDistributed : 0x899
CBaseObject->m_iHealth : 0xF2C
CBaseObject->m_iMaxHealth : 0xF30
CBaseObject->m_bHasSapper : 0xF24
CBaseObject->m_iObjectType : 0xF28
CBaseObject->m_bBuilding : 0xF35
CBaseObject->m_bPlacing : 0xF37
CBaseObject->m_bCarried : 0xF3A
CBaseObject->m_bCarryDeploy : 0xF3B
CBaseObject->m_bMiniBuilding : 0xF3D
CBaseObject->m_flPercentageConstructed : 0xF40
CBaseObject->m_fObjectFlags : 0xF08
CBaseObject->m_hBuiltOnEntity : 0xF44
CBaseObject->m_bDisabled : 0xF38
CBaseObject->m_hBuilder : 0xF18
CBaseObject->m_vecBuildMaxs : 0xF50
CBaseObject->m_vecBuildMins : 0xF5C
CBaseObject->m_iDesiredBuildRotations : 0xF68
CBaseObject->m_bServerOverridePlacement : 0xF74
CBaseObject->m_iUpgradeLevel : 0xEE4
CBaseObject->m_iUpgradeMetal : 0xEEC
CBaseObject->m_iUpgradeMetalRequired : 0xEF4
CBaseObject->m_iHighestUpgradeLevel : 0xEF0
CBaseObject->m_iObjectMode : 0xF48
CBaseObject->m_bDisposableBuilding : 0xF3E
CBaseObject->m_bWasMapPlaced : 0xF94
CBaseObject->m_bPlasmaDisable : 0xF4C
CTFBotHintEngineerNest->m_bHasActiveTeleporter : 0x53E
CBotNPCMinion->m_stunTarget : 0xDCC
CBotNPC->m_laserTarget : 0xDCC
CBotNPC->m_isNuking : 0xDDC
CRagdollPropAttached->m_boneIndexAttached : 0xBD4
CRagdollPropAttached->m_ragdollAttachedObjectIndex : 0xBD0
CRagdollPropAttached->m_attachmentPointBoneSpace : 0xBAC
CRagdollPropAttached->m_attachmentPointRagdollSpace : 0xBC4
CRagdollProp->m_ragAngles[0] : 0x9B4
CRagdollProp->m_ragAngles : 0x0
CRagdollProp->m_ragPos[0] : 0x894
CRagdollProp->m_ragPos : 0x0
CRagdollProp->m_hUnragdoll : 0xB98
CRagdollProp->m_flBlendWeight : 0xB9C
CRagdollProp->m_nOverlaySequence : 0xBA4
CWorld->m_flWaveHeight : 0x540
CWorld->m_WorldMins : 0x544
CWorld->m_WorldMaxs : 0x550
CWorld->m_bStartDark : 0x55C
CWorld->m_flMaxOccludeeArea : 0x560
CWorld->m_flMinOccluderArea : 0x564
CWorld->m_flMaxPropScreenSpaceWidth : 0x56C
CWorld->m_flMinPropScreenSpaceWidth : 0x568
CWorld->m_iszDetailSpriteMaterial : 0x571
CWorld->m_bColdWorld : 0x570
CWaterLODControl->m_flCheapWaterStartDistance : 0x540
CWaterLODControl->m_flCheapWaterEndDistance : 0x544
CVGuiScreen->m_flWidth : 0x548
CVGuiScreen->m_flHeight : 0x54C
CVGuiScreen->m_fScreenFlags : 0x574
CVGuiScreen->m_nPanelName : 0x550
CVGuiScreen->m_nAttachmentIndex : 0x56C
CVGuiScreen->m_nOverlayMaterial : 0x570
CVGuiScreen->m_hPlayerOwner : 0x5D0
CPropJeep->m_bHeadlightIsOn : 0x9E0
CPropVehicleChoreoGeneric->m_hPlayer : 0x8B4
CPropVehicleChoreoGeneric->m_bEnterAnimOn : 0x8BC
CPropVehicleChoreoGeneric->m_bExitAnimOn : 0x8BD
CPropVehicleChoreoGeneric->m_vecEyeExitEndpoint : 0x8C0
CPropVehicleChoreoGeneric->m_vehicleView.bClampEyeAngles : 0x94C
CPropVehicleChoreoGeneric->m_vehicleView.flPitchCurveZero : 0x950
CPropVehicleChoreoGeneric->m_vehicleView.flPitchCurveLinear : 0x954
CPropVehicleChoreoGeneric->m_vehicleView.flRollCurveZero : 0x958
CPropVehicleChoreoGeneric->m_vehicleView.flRollCurveLinear : 0x95C
CPropVehicleChoreoGeneric->m_vehicleView.flFOV : 0x960
CPropVehicleChoreoGeneric->m_vehicleView.flYawMin : 0x964
CPropVehicleChoreoGeneric->m_vehicleView.flYawMax : 0x968
CPropVehicleChoreoGeneric->m_vehicleView.flPitchMin : 0x96C
CPropVehicleChoreoGeneric->m_vehicleView.flPitchMax : 0x970
CTEWorldDecal->m_vecOrigin : 0x10
CTEWorldDecal->m_nIndex : 0x1C
CTESpriteSpray->m_vecOrigin : 0x10
CTESpriteSpray->m_vecDirection : 0x1C
CTESpriteSpray->m_nModelIndex : 0x28
CTESpriteSpray->m_fNoise : 0x30
CTESpriteSpray->m_nCount : 0x34
CTESpriteSpray->m_nSpeed : 0x2C
CTESprite->m_vecOrigin : 0x10
CTESprite->m_nModelIndex : 0x1C
CTESprite->m_fScale : 0x20
CTESprite->m_nBrightness : 0x24
CTESparks->m_nMagnitude : 0x1C
CTESparks->m_nTrailLength : 0x20
CTESparks->m_vecDir : 0x24
CTESmoke->m_vecOrigin : 0x10
CTESmoke->m_nModelIndex : 0x1C
CTESmoke->m_fScale : 0x20
CTESmoke->m_nFrameRate : 0x24
CTEShowLine->m_vecEnd : 0x1C
CTEProjectedDecal->m_vecOrigin : 0x10
CTEProjectedDecal->m_angRotation : 0x1C
CTEProjectedDecal->m_flDistance : 0x28
CTEProjectedDecal->m_nIndex : 0x2C
CTEPlayerDecal->m_vecOrigin : 0x14
CTEPlayerDecal->m_nEntity : 0x20
CTEPlayerDecal->m_nPlayer : 0x10
CTEPhysicsProp->m_vecOrigin : 0x10
CTEPhysicsProp->m_angRotation[0] : 0x1C
CTEPhysicsProp->m_angRotation[1] : 0x20
CTEPhysicsProp->m_angRotation[2] : 0x24
CTEPhysicsProp->m_vecVelocity : 0x28
CTEPhysicsProp->m_nModelIndex : 0x34
CTEPhysicsProp->m_nFlags : 0x3C
CTEPhysicsProp->m_nSkin : 0x38
CTEPhysicsProp->m_nEffects : 0x40
CTEParticleSystem->m_vecOrigin[0] : 0x10
CTEParticleSystem->m_vecOrigin[1] : 0x14
CTEParticleSystem->m_vecOrigin[2] : 0x18
CTEMuzzleFlash->m_vecOrigin : 0x10
CTEMuzzleFlash->m_vecAngles : 0x1C
CTEMuzzleFlash->m_flScale : 0x28
CTEMuzzleFlash->m_nType : 0x2C
CTELargeFunnel->m_nModelIndex : 0x1C
CTELargeFunnel->m_nReversed : 0x20
CTEKillPlayerAttachments->m_nPlayer : 0x10
CTEImpact->m_vecOrigin : 0x10
CTEImpact->m_vecNormal : 0x1C
CTEImpact->m_iType : 0x28
CTEImpact->m_ucFlags : 0x2C
CTEGlowSprite->m_vecOrigin : 0x10
CTEGlowSprite->m_nModelIndex : 0x1C
CTEGlowSprite->m_fScale : 0x20
CTEGlowSprite->m_fLife : 0x24
CTEGlowSprite->m_nBrightness : 0x28
CTEShatterSurface->m_vecOrigin : 0x10
CTEShatterSurface->m_vecAngles : 0x1C
CTEShatterSurface->m_vecForce : 0x28
CTEShatterSurface->m_vecForcePos : 0x34
CTEShatterSurface->m_flWidth : 0x40
CTEShatterSurface->m_flHeight : 0x44
CTEShatterSurface->m_flShardSize : 0x48
CTEShatterSurface->m_nSurfaceType : 0x50
CTEShatterSurface->m_uchFrontColor[0] : 0x54
CTEShatterSurface->m_uchFrontColor[1] : 0x55
CTEShatterSurface->m_uchFrontColor[2] : 0x56
CTEShatterSurface->m_uchBackColor[0] : 0x57
CTEShatterSurface->m_uchBackColor[1] : 0x58
CTEShatterSurface->m_uchBackColor[2] : 0x59
CTEFootprintDecal->m_vecOrigin : 0x10
CTEFootprintDecal->m_vecDirection : 0x1C
CTEFootprintDecal->m_nEntity : 0x34
CTEFootprintDecal->m_nIndex : 0x38
CTEFootprintDecal->m_chMaterialType : 0x3C
CTEFizz->m_nEntity : 0x10
CTEFizz->m_nModelIndex : 0x14
CTEFizz->m_nDensity : 0x18
CTEFizz->m_nCurrent : 0x1C
CTEExplosion->m_nModelIndex : 0x1C
CTEExplosion->m_fScale : 0x20
CTEExplosion->m_nFrameRate : 0x24
CTEExplosion->m_nFlags : 0x28
CTEExplosion->m_vecNormal : 0x2C
CTEExplosion->m_chMaterialType : 0x38
CTEExplosion->m_nRadius : 0x3C
CTEExplosion->m_nMagnitude : 0x40
CTEEnergySplash->m_vecPos : 0x10
CTEEnergySplash->m_vecDir : 0x1C
CTEEnergySplash->m_bExplosive : 0x28
CTEEffectDispatch->m_vOrigin[0] : 0x10
CTEEffectDispatch->m_vOrigin[1] : 0x14
CTEEffectDispatch->m_vOrigin[2] : 0x18
CTEEffectDispatch->m_vStart[0] : 0x1C
CTEEffectDispatch->m_vStart[1] : 0x20
CTEEffectDispatch->m_vStart[2] : 0x24
CTEEffectDispatch->m_vAngles : 0x34
CTEEffectDispatch->m_vNormal : 0x28
CTEEffectDispatch->m_fFlags : 0x40
CTEEffectDispatch->m_flMagnitude : 0x4C
CTEEffectDispatch->m_flScale : 0x48
CTEEffectDispatch->m_nAttachmentIndex : 0x54
CTEEffectDispatch->m_nSurfaceProp : 0x58
CTEEffectDispatch->m_iEffectName : 0x98
CTEEffectDispatch->m_nMaterial : 0x5C
CTEEffectDispatch->m_nDamageType : 0x60
CTEEffectDispatch->m_nHitBox : 0x64
CTEEffectDispatch->entindex : 0x10
CTEEffectDispatch->m_nColor : 0x68
CTEEffectDispatch->m_flRadius : 0x50
CTEEffectDispatch->m_bCustomColors : 0x69
CTEEffectDispatch->m_CustomColors.m_vecColor1 : 0x6C
CTEEffectDispatch->m_CustomColors.m_vecColor2 : 0x78
CTEEffectDispatch->m_bControlPoint1 : 0x84
CTEEffectDispatch->m_ControlPoint1.m_eParticleAttachment : 0x88
CTEEffectDispatch->m_ControlPoint1.m_vecOffset[0] : 0x8C
CTEEffectDispatch->m_ControlPoint1.m_vecOffset[1] : 0x90
CTEEffectDispatch->m_ControlPoint1.m_vecOffset[2] : 0x94
CTEEffectDispatch->m_EffectData : 0x10
CTEDynamicLight->m_vecOrigin : 0x10
CTEDynamicLight->r : 0x20
CTEDynamicLight->g : 0x24
CTEDynamicLight->b : 0x28
CTEDynamicLight->exponent : 0x2C
CTEDynamicLight->m_fRadius : 0x1C
CTEDynamicLight->m_fTime : 0x30
CTEDynamicLight->m_fDecay : 0x34
CTEDecal->m_vecOrigin : 0x10
CTEDecal->m_vecStart : 0x1C
CTEDecal->m_nEntity : 0x28
CTEDecal->m_nHitbox : 0x2C
CTEDecal->m_nIndex : 0x30
CTEClientProjectile->m_vecOrigin : 0x10
CTEClientProjectile->m_vecVelocity : 0x1C
CTEClientProjectile->m_nModelIndex : 0x28
CTEClientProjectile->m_nLifeTime : 0x2C
CTEClientProjectile->m_hOwner : 0x30
CTEBubbleTrail->m_vecMins : 0x10
CTEBubbleTrail->m_vecMaxs : 0x1C
CTEBubbleTrail->m_nModelIndex : 0x2C
CTEBubbleTrail->m_flWaterZ : 0x28
CTEBubbleTrail->m_nCount : 0x30
CTEBubbleTrail->m_fSpeed : 0x34
CTEBubbles->m_vecMins : 0x10
CTEBubbles->m_vecMaxs : 0x1C
CTEBubbles->m_nModelIndex : 0x2C
CTEBubbles->m_fHeight : 0x28
CTEBubbles->m_nCount : 0x30
CTEBubbles->m_fSpeed : 0x34
CTEBSPDecal->m_vecOrigin : 0x10
CTEBSPDecal->m_nEntity : 0x1C
CTEBSPDecal->m_nIndex : 0x20
CTEBreakModel->m_vecOrigin : 0x10
CTEBreakModel->m_angRotation[0] : 0x1C
CTEBreakModel->m_angRotation[1] : 0x20
CTEBreakModel->m_angRotation[2] : 0x24
CTEBreakModel->m_vecSize : 0x28
CTEBreakModel->m_vecVelocity : 0x34
CTEBreakModel->m_nModelIndex : 0x44
CTEBreakModel->m_nRandomization : 0x40
CTEBreakModel->m_nCount : 0x48
CTEBreakModel->m_fTime : 0x4C
CTEBreakModel->m_nFlags : 0x50
CTEBloodStream->m_vecDirection : 0x1C
CTEBloodStream->r : 0x28
CTEBloodStream->g : 0x2C
CTEBloodStream->b : 0x30
CTEBloodStream->a : 0x34
CTEBloodStream->m_nAmount : 0x38
CTEBloodSprite->m_vecOrigin : 0x10
CTEBloodSprite->m_vecDirection : 0x1C
CTEBloodSprite->r : 0x28
CTEBloodSprite->g : 0x2C
CTEBloodSprite->b : 0x30
CTEBloodSprite->a : 0x34
CTEBloodSprite->m_nSprayModel : 0x3C
CTEBloodSprite->m_nDropModel : 0x38
CTEBloodSprite->m_nSize : 0x40
CTEBeamSpline->m_nPoints : 0xD0
CTEBeamSpline->m_vecPoints[0] : 0x10
CTEBeamSpline->m_vecPoints : 0x0
CTEBeamRingPoint->m_vecCenter : 0x4C
CTEBeamRingPoint->m_flStartRadius : 0x58
CTEBeamRingPoint->m_flEndRadius : 0x5C
CTEBeamRing->m_nStartEntity : 0x4C
CTEBeamRing->m_nEndEntity : 0x50
CTEBeamPoints->m_vecStartPoint : 0x4C
CTEBeamPoints->m_vecEndPoint : 0x58
CTEBeamLaser->m_nStartEntity : 0x4C
CTEBeamLaser->m_nEndEntity : 0x50
CTEBeamFollow->m_iEntIndex : 0x4C
CTEBeamEnts->m_nStartEntity : 0x4C
CTEBeamEnts->m_nEndEntity : 0x50
CTEBeamEntPoint->m_nStartEntity : 0x4C
CTEBeamEntPoint->m_nEndEntity : 0x50
CTEBeamEntPoint->m_vecStartPoint : 0x54
CTEBeamEntPoint->m_vecEndPoint : 0x60
CTEBaseBeam->m_nModelIndex : 0x10
CTEBaseBeam->m_nHaloIndex : 0x14
CTEBaseBeam->m_nStartFrame : 0x18
CTEBaseBeam->m_nFrameRate : 0x1C
CTEBaseBeam->m_fLife : 0x20
CTEBaseBeam->m_fWidth : 0x24
CTEBaseBeam->m_fEndWidth : 0x28
CTEBaseBeam->m_nFadeLength : 0x2C
CTEBaseBeam->m_fAmplitude : 0x30
CTEBaseBeam->m_nSpeed : 0x44
CTEBaseBeam->r : 0x34
CTEBaseBeam->g : 0x38
CTEBaseBeam->b : 0x3C
CTEBaseBeam->a : 0x40
CTEBaseBeam->m_nFlags : 0x48
CTEMetalSparks->m_vecPos : 0x10
CTEMetalSparks->m_vecDir : 0x1C
CTest_ProxyToggle_Networkable->m_WithProxy : 0x540
CTest_ProxyToggle_Networkable->blah : 0x0
CTestTraceline->m_clrRender : 0x4C
CTestTraceline->m_vecOrigin : 0x354
CTestTraceline->m_angRotation[0] : 0x360
CTestTraceline->m_angRotation[1] : 0x364
CTestTraceline->m_angRotation[2] : 0x368
CTestTraceline->moveparent : 0x1AC
CTesla->m_SoundName : 0x568
CTesla->m_iszSpriteName : 0x5A8
CTeamTrainWatcher->m_flTotalProgress : 0x540
CTeamTrainWatcher->m_iTrainSpeedLevel : 0x548
CTeamTrainWatcher->m_flRecedeTime : 0x550
CTeamTrainWatcher->m_nNumCappers : 0x558
CTeamTrainWatcher->m_hGlowEnt : 0x560
CBaseTeamObjectiveResource->m_iTimerToShowInHUD : 0x540
CBaseTeamObjectiveResource->m_iStopWatchTimer : 0x544
CBaseTeamObjectiveResource->m_iNumControlPoints : 0x548
CBaseTeamObjectiveResource->m_bPlayingMiniRounds : 0x550
CBaseTeamObjectiveResource->m_bControlPointsReset : 0x551
CBaseTeamObjectiveResource->m_iUpdateCapHudParity : 0x554
CBaseTeamObjectiveResource->m_vCPPositions[0] : 0x55C
CBaseTeamObjectiveResource->m_vCPPositions : 0x0
CBaseTeamObjectiveResource->m_bCPIsVisible : 0x5BC
CBaseTeamObjectiveResource->m_flLazyCapPerc : 0x5C4
CBaseTeamObjectiveResource->m_iTeamIcons : 0x604
CBaseTeamObjectiveResource->m_iTeamOverlays : 0x704
CBaseTeamObjectiveResource->m_iTeamReqCappers : 0x804
CBaseTeamObjectiveResource->m_flTeamCapTime : 0x904
CBaseTeamObjectiveResource->m_iPreviousPoints : 0xA04
CBaseTeamObjectiveResource->m_bTeamCanCap : 0xD04
CBaseTeamObjectiveResource->m_iTeamBaseIcons : 0xD44
CBaseTeamObjectiveResource->m_iBaseControlPoints : 0xDC4
CBaseTeamObjectiveResource->m_bInMiniRound : 0xE44
CBaseTeamObjectiveResource->m_iWarnOnCap : 0xE4C
CBaseTeamObjectiveResource->m_iszWarnSound[0] : 0xE6C
CBaseTeamObjectiveResource->m_iszWarnSound : 0x0
CBaseTeamObjectiveResource->m_flPathDistance : 0x1664
CBaseTeamObjectiveResource->m_iCPGroup : 0x1684
CBaseTeamObjectiveResource->m_bCPLocked : 0x16A4
CBaseTeamObjectiveResource->m_nNumNodeHillData : 0x1934
CBaseTeamObjectiveResource->m_flNodeHillData : 0x1944
CBaseTeamObjectiveResource->m_bTrackAlarm : 0x19F8
CBaseTeamObjectiveResource->m_flUnlockTimes : 0x16AC
CBaseTeamObjectiveResource->m_bHillIsDownhill : 0x19FC
CBaseTeamObjectiveResource->m_flCPTimerTimes : 0x16EC
CBaseTeamObjectiveResource->m_iNumTeamMembers : 0x172C
CBaseTeamObjectiveResource->m_iCappingTeam : 0x182C
CBaseTeamObjectiveResource->m_iTeamInZone : 0x184C
CBaseTeamObjectiveResource->m_bBlocked : 0x186C
CBaseTeamObjectiveResource->m_iOwner : 0x1874
CBaseTeamObjectiveResource->m_bCPCapRateScalesWithPlayers : 0x1894
CBaseTeamObjectiveResource->m_pszCapLayoutInHUD : 0x1904
CBaseTeamObjectiveResource->m_flCustomPositionX : 0x192C
CBaseTeamObjectiveResource->m_flCustomPositionY : 0x1930
CTeam->m_iTeamNum : 0x588
CTeam->m_iScore : 0x574
CTeam->m_iRoundsWon : 0x578
CTeam->m_szTeamname : 0x554
CTeam->player_array_element : 0x0
CTeam->"player_array" : 0x0
CSun->m_clrRender : 0x4C
CSun->m_clrOverlay : 0x690
CSun->m_vDirection : 0x69C
CSun->m_bOn : 0x6A8
CSun->m_nSize : 0x694
CSun->m_nOverlaySize : 0x698
CSun->m_nMaterial : 0x6AC
CSun->m_nOverlayMaterial : 0x6B0
CSun->HDRColorScale : 0x0
CSteamJet->m_SpreadSpeed : 0x628
CSteamJet->m_Speed : 0x62C
CSteamJet->m_StartSize : 0x630
CSteamJet->m_EndSize : 0x634
CSteamJet->m_Rate : 0x638
CSteamJet->m_JetLength : 0x63C
CSteamJet->m_bEmit : 0x640
CSteamJet->m_bFaceLeft : 0x648
CSteamJet->m_nType : 0x644
CSteamJet->m_spawnflags : 0x64C
CSteamJet->m_flRollSpeed : 0x650
CParticlePerformanceMonitor->m_bMeasurePerf : 0x53E
CParticlePerformanceMonitor->m_bDisplayPerf : 0x53D
CSpotlightEnd->m_flLightScale : 0x540
CSpotlightEnd->m_Radius : 0x544
DustTrail->m_SpawnRate : 0x628
DustTrail->m_Color : 0x62C
DustTrail->m_ParticleLifetime : 0x63C
DustTrail->m_StopEmitTime : 0x644
DustTrail->m_MinSpeed : 0x648
DustTrail->m_MaxSpeed : 0x64C
DustTrail->m_MinDirectedSpeed : 0x650
DustTrail->m_MaxDirectedSpeed : 0x654
DustTrail->m_StartSize : 0x658
DustTrail->m_EndSize : 0x65C
DustTrail->m_SpawnRadius : 0x660
DustTrail->m_bEmit : 0x670
DustTrail->m_Opacity : 0x638
CFireTrail->m_nAttachment : 0x628
CFireTrail->m_flLifetime : 0x62C
SporeTrail->m_flSpawnRate : 0x630
SporeTrail->m_vecEndColor : 0x624
SporeTrail->m_flParticleLifetime : 0x634
SporeTrail->m_flStartSize : 0x638
SporeTrail->m_flEndSize : 0x63C
SporeTrail->m_flSpawnRadius : 0x640
SporeTrail->m_bEmit : 0x650
SporeExplosion->m_flSpawnRate : 0x628
SporeExplosion->m_flParticleLifetime : 0x62C
SporeExplosion->m_flStartSize : 0x630
SporeExplosion->m_flEndSize : 0x634
SporeExplosion->m_flSpawnRadius : 0x638
SporeExplosion->m_bEmit : 0x640
SporeExplosion->m_bDontRemove : 0x641
RocketTrail->m_SpawnRate : 0x628
RocketTrail->m_StartColor : 0x62C
RocketTrail->m_EndColor : 0x638
RocketTrail->m_ParticleLifetime : 0x648
RocketTrail->m_StopEmitTime : 0x64C
RocketTrail->m_MinSpeed : 0x650
RocketTrail->m_MaxSpeed : 0x654
RocketTrail->m_StartSize : 0x658
RocketTrail->m_EndSize : 0x65C
RocketTrail->m_SpawnRadius : 0x660
RocketTrail->m_bEmit : 0x670
RocketTrail->m_nAttachment : 0x674
RocketTrail->m_Opacity : 0x644
RocketTrail->m_bDamaged : 0x671
RocketTrail->m_flFlareScale : 0x684
SmokeTrail->m_SpawnRate : 0x628
SmokeTrail->m_StartColor : 0x62C
SmokeTrail->m_EndColor : 0x638
SmokeTrail->m_ParticleLifetime : 0x648
SmokeTrail->m_StopEmitTime : 0x64C
SmokeTrail->m_MinSpeed : 0x650
SmokeTrail->m_MaxSpeed : 0x654
SmokeTrail->m_MinDirectedSpeed : 0x658
SmokeTrail->m_MaxDirectedSpeed : 0x65C
SmokeTrail->m_StartSize : 0x660
SmokeTrail->m_EndSize : 0x664
SmokeTrail->m_SpawnRadius : 0x668
SmokeTrail->m_bEmit : 0x678
SmokeTrail->m_nAttachment : 0x67C
SmokeTrail->m_Opacity : 0x644
CSmokeStack->m_SpreadSpeed : 0x678
CSmokeStack->m_Speed : 0x67C
CSmokeStack->m_StartSize : 0x680
CSmokeStack->m_EndSize : 0x684
CSmokeStack->m_Rate : 0x688
CSmokeStack->m_JetLength : 0x68C
CSmokeStack->m_bEmit : 0x690
CSmokeStack->m_flBaseSpread : 0x694
CSmokeStack->m_flTwist : 0x6E8
CSmokeStack->m_flRollSpeed : 0x724
CSmokeStack->m_iMaterialModel : 0x6EC
CSmokeStack->m_AmbientLight.m_vPos : 0x698
CSmokeStack->m_AmbientLight.m_vColor : 0x6A4
CSmokeStack->m_AmbientLight.m_flIntensity : 0x6B0
CSmokeStack->m_DirLight.m_vPos : 0x6B4
CSmokeStack->m_DirLight.m_vColor : 0x6C0
CSmokeStack->m_DirLight.m_flIntensity : 0x6CC
CSmokeStack->m_vWind : 0x6DC
CSlideshowDisplay->m_bEnabled : 0x53D
CSlideshowDisplay->m_szDisplayText : 0x53E
CSlideshowDisplay->m_szSlideshowDirectory : 0x5BE
CSlideshowDisplay->m_chCurrentSlideLists : 0x654
CSlideshowDisplay->m_fMinSlideTime : 0x66C
CSlideshowDisplay->m_fMaxSlideTime : 0x670
CSlideshowDisplay->m_iCycleType : 0x678
CSlideshowDisplay->m_bNoListRepeats : 0x67C
CShadowControl->m_shadowDirection : 0x540
CShadowControl->m_shadowColor : 0x54C
CShadowControl->m_flShadowMaxDist : 0x550
CShadowControl->m_bDisableShadows : 0x554
CSceneEntity->m_nSceneStringIndex : 0x550
CSceneEntity->m_bIsPlayingBack : 0x544
CSceneEntity->m_bPaused : 0x545
CSceneEntity->m_bMultiplayer : 0x546
CSceneEntity->m_flForceClientTime : 0x54C
CSceneEntity->m_hActorList : 0x0
CRopeKeyframe->m_iRopeMaterialModelIndex : 0x57C
CRopeKeyframe->m_hStartPoint : 0x804
CRopeKeyframe->m_hEndPoint : 0x808
CRopeKeyframe->m_iStartAttachment : 0x80C
CRopeKeyframe->m_iEndAttachment : 0x80E
CRopeKeyframe->m_fLockedPoints : 0x820
CRopeKeyframe->m_Slack : 0x818
CRopeKeyframe->m_RopeLength : 0x814
CRopeKeyframe->m_RopeFlags : 0x578
CRopeKeyframe->m_TextureScale : 0x81C
CRopeKeyframe->m_nSegments : 0x800
CRopeKeyframe->m_bConstrainBetweenEndpoints : 0x8A8
CRopeKeyframe->m_Subdiv : 0x810
CRopeKeyframe->m_Width : 0x824
CRopeKeyframe->m_flScrollSpeed : 0x574
CRopeKeyframe->m_vecOrigin : 0x354
CRopeKeyframe->moveparent : 0x1AC
CRopeKeyframe->m_iParentAttachment : 0x196
CRagdollManager->m_iCurrentMaxRagdollCount : 0x540
CPropVehicleDriveable->m_hPlayer : 0x898
CPropVehicleDriveable->m_nSpeed : 0x89C
CPropVehicleDriveable->m_nRPM : 0x8A0
CPropVehicleDriveable->m_flThrottle : 0x8A4
CPropVehicleDriveable->m_nBoostTimeLeft : 0x8A8
CPropVehicleDriveable->m_nHasBoost : 0x8AC
CPropVehicleDriveable->m_nScannerDisabledWeapons : 0x8B0
CPropVehicleDriveable->m_nScannerDisabledVehicle : 0x8B4
CPropVehicleDriveable->m_bEnterAnimOn : 0x8D4
CPropVehicleDriveable->m_bExitAnimOn : 0x8D5
CPropVehicleDriveable->m_bUnableToFire : 0x925
CPropVehicleDriveable->m_vecEyeExitEndpoint : 0x918
CPropVehicleDriveable->m_bHasGun : 0x924
CPropVehicleDriveable->m_vecGunCrosshair : 0x8DC
CPhysicsPropMultiplayer->m_iPhysicsMode : 0x898
CPhysicsPropMultiplayer->m_fMass : 0x89C
CPhysicsPropMultiplayer->m_collisionMins : 0x8A0
CPhysicsPropMultiplayer->m_collisionMaxs : 0x8AC
CPhysBoxMultiplayer->m_iPhysicsMode : 0x548
CPhysBoxMultiplayer->m_fMass : 0x54C
CDynamicProp->m_bUseHitboxesForRenderBox : 0x891
CPointWorldText->m_szText : 0x558
CPointWorldText->m_flTextSize : 0x65C
CPointWorldText->m_flTextSpacingX : 0x660
CPointWorldText->m_flTextSpacingY : 0x664
CPointWorldText->m_colTextColor : 0x668
CPointWorldText->m_nOrientation : 0x66C
CPointWorldText->m_nFont : 0x674
CPointWorldText->m_bRainbow : 0x678
CPointCommentaryNode->m_bActive : 0x891
CPointCommentaryNode->m_flStartTime : 0x894
CPointCommentaryNode->m_iszCommentaryFile : 0x898
CPointCommentaryNode->m_iszCommentaryFileNoHDR : 0x99C
CPointCommentaryNode->m_iszSpeakers : 0xAA0
CPointCommentaryNode->m_iNodeNumber : 0xBA0
CPointCommentaryNode->m_iNodeNumberMax : 0xBA4
CPointCommentaryNode->m_hViewPosition : 0xBAC
CPointCamera->m_FOV : 0x540
CPointCamera->m_Resolution : 0x544
CPointCamera->m_bFogEnable : 0x548
CPointCamera->m_FogColor : 0x549
CPointCamera->m_flFogStart : 0x550
CPointCamera->m_flFogEnd : 0x554
CPointCamera->m_flFogMaxDensity : 0x558
CPointCamera->m_bActive : 0x55C
CPointCamera->m_bUseScreenAspectRatio : 0x55D
CPlayerResource->m_iPing : 0x6DC
CPlayerResource->m_iScore : 0x874
CPlayerResource->m_iDeaths : 0xA0C
CPlayerResource->m_bConnected : 0xBA4
CPlayerResource->m_iTeam : 0xC0C
CPlayerResource->m_bAlive : 0xDA4
CPlayerResource->m_iHealth : 0xE0C
CPlayerResource->m_iAccountID : 0x1024
CPlayerResource->m_bValid : 0x11BC
CPlayerResource->m_iUserID : 0x1224
CPlasma->m_flStartScale : 0x540
CPlasma->m_flScale : 0x544
CPlasma->m_flScaleTime : 0x548
CPlasma->m_nFlags : 0x54C
CPlasma->m_nPlasmaModelIndex : 0x550
CPlasma->m_nPlasmaModelIndex2 : 0x554
CPlasma->m_nGlowModelIndex : 0x558
CPhysicsProp->m_bAwake : 0x891
CPhysBox->m_mass : 0x540
CParticleSystem->m_vecOrigin : 0x354
CParticleSystem->m_hOwnerEntity : 0x4F4
CParticleSystem->moveparent : 0x1AC
CParticleSystem->m_iParentAttachment : 0x196
CParticleSystem->m_angRotation : 0x360
CParticleSystem->m_iEffectIndex : 0x540
CParticleSystem->m_bActive : 0x544
CParticleSystem->m_flStartTime : 0x548
CParticleSystem->m_hControlPointEnts : 0x54C
CParticleSystem->m_iControlPointParents : 0x648
CParticleSystem->m_bWeatherEffect : 0x687
ParticleSmokeGrenade->m_flSpawnTime : 0x638
ParticleSmokeGrenade->m_FadeStartTime : 0x63C
ParticleSmokeGrenade->m_FadeEndTime : 0x640
ParticleSmokeGrenade->m_CurrentStage : 0x628
CParticleFire->m_vOrigin : 0x630
CParticleFire->m_vDirection : 0x63C
CMaterialModifyControl->m_szMaterialName : 0x53D
CMaterialModifyControl->m_szMaterialVar : 0x63C
CMaterialModifyControl->m_szMaterialVarValue : 0x73B
CMaterialModifyControl->m_iFrameStart : 0x844
CMaterialModifyControl->m_iFrameEnd : 0x848
CMaterialModifyControl->m_bWrap : 0x84C
CMaterialModifyControl->m_flFramerate : 0x850
CMaterialModifyControl->m_bNewAnimCommandsSemaphore : 0x854
CMaterialModifyControl->m_flFloatLerpStartValue : 0x858
CMaterialModifyControl->m_flFloatLerpEndValue : 0x85C
CMaterialModifyControl->m_flFloatLerpTransitionTime : 0x860
CMaterialModifyControl->m_bFloatLerpWrap : 0x864
CMaterialModifyControl->m_nModifyMode : 0x86C
CLightGlow->m_clrRender : 0x4C
CLightGlow->m_nHorizontalSize : 0x540
CLightGlow->m_nVerticalSize : 0x544
CLightGlow->m_nMinDist : 0x548
CLightGlow->m_nMaxDist : 0x54C
CLightGlow->m_nOuterMaxDist : 0x550
CLightGlow->m_spawnflags : 0x554
CLightGlow->m_vecOrigin : 0x354
CLightGlow->m_angRotation : 0x360
CLightGlow->moveparent : 0x1AC
CLightGlow->m_flGlowProxySize : 0x624
CLightGlow->HDRColorScale : 0x0
CInfoOverlayAccessor->m_iTextureFrameIndex : 0x4E8
CInfoOverlayAccessor->m_iOverlayID : 0x540
CTEGaussExplosion->m_nType : 0x1C
CTEGaussExplosion->m_vecDirection : 0x20
CFuncSmokeVolume->m_Color1 : 0x628
CFuncSmokeVolume->m_Color2 : 0x62C
CFuncSmokeVolume->m_MaterialName : 0x630
CFuncSmokeVolume->m_ParticleDrawWidth : 0x730
CFuncSmokeVolume->m_ParticleSpacingDistance : 0x734
CFuncSmokeVolume->m_DensityRampSpeed : 0x738
CFuncSmokeVolume->m_RotationSpeed : 0x73C
CFuncSmokeVolume->m_MovementSpeed : 0x740
CFuncSmokeVolume->m_Density : 0x744
CFuncSmokeVolume->m_spawnflags : 0x748
CFuncSmokeVolume->m_vecMinsPreScaled : 0x1C0
CFuncSmokeVolume->m_vecMaxsPreScaled : 0x1CC
CFuncSmokeVolume->m_vecMins : 0x1D8
CFuncSmokeVolume->m_vecMaxs : 0x1E4
CFuncSmokeVolume->m_nSolidType : 0x1F9
CFuncSmokeVolume->m_usSolidFlags : 0x1F4
CFuncSmokeVolume->m_nSurroundType : 0x1F8
CFuncSmokeVolume->m_triggerBloat : 0x1FA
CFuncSmokeVolume->m_bUniformTriggerBloat : 0x1FB
CFuncSmokeVolume->m_vecSpecifiedSurroundingMinsPreScaled : 0x1FC
CFuncSmokeVolume->m_vecSpecifiedSurroundingMaxsPreScaled : 0x208
CFuncSmokeVolume->m_vecSpecifiedSurroundingMins : 0x214
CFuncSmokeVolume->m_vecSpecifiedSurroundingMaxs : 0x220
CFuncSmokeVolume->m_Collision : 0x1B8
CFuncRotating->m_vecOrigin : 0x354
CFuncRotating->m_angRotation[0] : 0x360
CFuncRotating->m_angRotation[1] : 0x364
CFuncRotating->m_angRotation[2] : 0x368
CFuncRotating->m_flSimulationTime : 0x5C
CFuncOccluder->m_bActive : 0x544
CFuncOccluder->m_nOccluderIndex : 0x540
CFunc_LOD->m_fDisappearDist : 0x540
CTEDust->m_flSize : 0x1C
CTEDust->m_flSpeed : 0x20
CTEDust->m_vecDirection : 0x24
CFunc_Dust->m_Color : 0x53D
CFunc_Dust->m_SpawnRate : 0x544
CFunc_Dust->m_flSizeMin : 0x548
CFunc_Dust->m_flSizeMax : 0x54C
CFunc_Dust->m_LifetimeMin : 0x554
CFunc_Dust->m_LifetimeMax : 0x558
CFunc_Dust->m_DustFlags : 0x564
CFunc_Dust->m_SpeedMax : 0x550
CFunc_Dust->m_DistMax : 0x55C
CFunc_Dust->m_nModelIndex : 0x80
CFunc_Dust->m_FallSpeed : 0x560
CFunc_Dust->m_vecMinsPreScaled : 0x1C0
CFunc_Dust->m_vecMaxsPreScaled : 0x1CC
CFunc_Dust->m_vecMins : 0x1D8
CFunc_Dust->m_vecMaxs : 0x1E4
CFunc_Dust->m_nSolidType : 0x1F9
CFunc_Dust->m_usSolidFlags : 0x1F4
CFunc_Dust->m_nSurroundType : 0x1F8
CFunc_Dust->m_triggerBloat : 0x1FA
CFunc_Dust->m_bUniformTriggerBloat : 0x1FB
CFunc_Dust->m_vecSpecifiedSurroundingMinsPreScaled : 0x1FC
CFunc_Dust->m_vecSpecifiedSurroundingMaxsPreScaled : 0x208
CFunc_Dust->m_vecSpecifiedSurroundingMins : 0x214
CFunc_Dust->m_vecSpecifiedSurroundingMaxs : 0x220
CFunc_Dust->m_Collision : 0x1B8
CFuncConveyor->m_flConveyorSpeed : 0x540
CBreakableSurface->m_nNumWide : 0x544
CBreakableSurface->m_nNumHigh : 0x548
CBreakableSurface->m_flPanelWidth : 0x54C
CBreakableSurface->m_flPanelHeight : 0x550
CBreakableSurface->m_vNormal : 0x554
CBreakableSurface->m_vCorner : 0x560
CBreakableSurface->m_bIsBroken : 0x56C
CBreakableSurface->m_nSurfaceType : 0x570
CBreakableSurface->m_RawPanelBitVec : 0x594
CFuncAreaPortalWindow->m_flFadeStartDist : 0x540
CFuncAreaPortalWindow->m_flFadeDist : 0x544
CFuncAreaPortalWindow->m_flTranslucencyLimit : 0x548
CFuncAreaPortalWindow->m_iBackgroundModelIndex : 0x54C
CFish->m_poolOrigin : 0x8F4
CFish->m_x : 0x8DC
CFish->m_y : 0x8E0
CFish->m_z : 0x8E4
CFish->m_angle : 0x8EC
CFish->m_nModelIndex : 0x80
CFish->m_lifeState : 0x95
CFish->m_waterLevel : 0x900
CEntityFlame->m_hEntAttached : 0x544
CFireSmoke->m_flStartScale : 0x540
CFireSmoke->m_flScale : 0x544
CFireSmoke->m_flScaleTime : 0x548
CFireSmoke->m_nFlags : 0x54C
CFireSmoke->m_nFlameModelIndex : 0x550
CFireSmoke->m_nFlameFromAboveModelIndex : 0x554
CEnvTonemapController->m_bUseCustomAutoExposureMin : 0x53D
CEnvTonemapController->m_bUseCustomAutoExposureMax : 0x53E
CEnvTonemapController->m_bUseCustomBloomScale : 0x53F
CEnvTonemapController->m_flCustomAutoExposureMin : 0x540
CEnvTonemapController->m_flCustomAutoExposureMax : 0x544
CEnvTonemapController->m_flCustomBloomScale : 0x548
CEnvTonemapController->m_flCustomBloomScaleMinimum : 0x54C
CEnvScreenEffect->m_flDuration : 0x540
CEnvScreenEffect->m_nType : 0x544
CEnvScreenOverlay->m_iszOverlayNames[0] : 0x53D
CEnvScreenOverlay->m_iszOverlayNames : 0x0
CEnvScreenOverlay->m_flOverlayTimes[0] : 0xF34
CEnvScreenOverlay->m_flOverlayTimes : 0x0
CEnvScreenOverlay->m_flStartTime : 0xF5C
CEnvScreenOverlay->m_iDesiredOverlay : 0xF60
CEnvScreenOverlay->m_bIsActive : 0xF64
CEnvProjectedTexture->m_hTargetEntity : 0x540
CEnvProjectedTexture->m_bState : 0x544
CEnvProjectedTexture->m_flLightFOV : 0x548
CEnvProjectedTexture->m_bEnableShadows : 0x54C
CEnvProjectedTexture->m_bLightOnlyTarget : 0x54D
CEnvProjectedTexture->m_bLightWorld : 0x54E
CEnvProjectedTexture->m_bCameraSpace : 0x54F
CEnvProjectedTexture->m_LinearFloatLightColor : 0x550
CEnvProjectedTexture->m_flAmbient : 0x55C
CEnvProjectedTexture->m_SpotlightTextureName : 0x568
CEnvProjectedTexture->m_nSpotlightTextureFrame : 0x66C
CEnvProjectedTexture->m_flNearZ : 0x560
CEnvProjectedTexture->m_flFarZ : 0x564
CEnvProjectedTexture->m_nShadowQuality : 0x670
CEnvParticleScript->m_flSequenceScale : 0x978
CFogController->m_fog.enable : 0x580
CFogController->m_fog.blend : 0x581
CFogController->m_fog.dirPrimary : 0x544
CFogController->m_fog.colorPrimary : 0x550
CFogController->m_fog.colorSecondary : 0x554
CFogController->m_fog.start : 0x560
CFogController->m_fog.end : 0x564
CFogController->m_fog.farz : 0x568
CFogController->m_fog.maxdensity : 0x56C
CFogController->m_fog.colorPrimaryLerpTo : 0x558
CFogController->m_fog.colorSecondaryLerpTo : 0x55C
CFogController->m_fog.startLerpTo : 0x570
CFogController->m_fog.endLerpTo : 0x574
CFogController->m_fog.lerptime : 0x578
CFogController->m_fog.duration : 0x57C
CEntityParticleTrail->m_iMaterialName : 0x624
CEntityParticleTrail->m_flLifetime : 0x630
CEntityParticleTrail->m_flStartSize : 0x634
CEntityParticleTrail->m_flEndSize : 0x638
CEntityParticleTrail->m_Info : 0x628
CEntityParticleTrail->m_hConstraintEntity : 0x63C
CEntityDissolve->m_flStartTime : 0x544
CEntityDissolve->m_flFadeOutStart : 0x548
CEntityDissolve->m_flFadeOutLength : 0x54C
CEntityDissolve->m_flFadeOutModelStart : 0x550
CEntityDissolve->m_flFadeOutModelLength : 0x554
CEntityDissolve->m_flFadeInStart : 0x558
CEntityDissolve->m_flFadeInLength : 0x55C
CEntityDissolve->m_nDissolveType : 0x560
CEntityDissolve->m_vDissolverOrigin : 0x574
CEntityDissolve->m_nMagnitude : 0x580
CEnvQuadraticBeam->m_targetPosition : 0x540
CEnvQuadraticBeam->m_controlPosition : 0x54C
CEnvQuadraticBeam->m_scrollRate : 0x558
CEnvQuadraticBeam->m_flWidth : 0x55C
CEmbers->m_nDensity : 0x540
CEmbers->m_nLifetime : 0x544
CEmbers->m_nSpeed : 0x548
CEmbers->m_bEmit : 0x54C
CEnvWind->m_iMinWind : 0x54C
CEnvWind->m_iMaxWind : 0x550
CEnvWind->m_iMinGust : 0x558
CEnvWind->m_iMaxGust : 0x55C
CEnvWind->m_flMinGustDelay : 0x560
CEnvWind->m_flMaxGustDelay : 0x564
CEnvWind->m_iGustDirChange : 0x56C
CEnvWind->m_iWindSeed : 0x548
CEnvWind->m_iInitialWindDir : 0x5AC
CEnvWind->m_flInitialWindSpeed : 0x5B0
CEnvWind->m_flStartTime : 0x544
CEnvWind->m_flGustDuration : 0x568
CEnvWind->m_EnvWindShared : 0x540
CPrecipitation->m_nPrecipType : 0x568
CDynamicLight->m_Flags : 0x53D
CDynamicLight->m_LightStyle : 0x53E
CDynamicLight->m_Radius : 0x540
CDynamicLight->m_Exponent : 0x544
CDynamicLight->m_InnerAngle : 0x548
CDynamicLight->m_OuterAngle : 0x54C
CDynamicLight->m_SpotRadius : 0x550
CColorCorrectionVolume->m_Weight : 0x540
CColorCorrectionVolume->m_lookupFilename : 0x544
CColorCorrection->m_vecOrigin : 0x540
CColorCorrection->m_minFalloff : 0x54C
CColorCorrection->m_maxFalloff : 0x550
CColorCorrection->m_flCurWeight : 0x554
CColorCorrection->m_netLookupFilename : 0x558
CColorCorrection->m_bEnabled : 0x65C
CBasePlayer->m_chAreaBits : 0xE00
CBasePlayer->m_chAreaPortalBits : 0xE20
CBasePlayer->m_iHideHUD : 0xE38
CBasePlayer->m_flFOVRate : 0xE3C
CBasePlayer->m_bDucked : 0xE40
CBasePlayer->m_bDucking : 0xE41
CBasePlayer->m_bInDuckJump : 0xE42
CBasePlayer->m_flDucktime : 0xE44
CBasePlayer->m_flDuckJumpTime : 0xE48
CBasePlayer->m_flJumpTime : 0xE4C
CBasePlayer->m_flFallVelocity : 0xE54
CBasePlayer->m_vecPunchAngle : 0xE6C
CBasePlayer->m_vecPunchAngleVel : 0xEA8
CBasePlayer->m_bDrawViewmodel : 0xEE4
CBasePlayer->m_bWearingSuit : 0xEE5
CBasePlayer->m_bPoisoned : 0xEE6
CBasePlayer->m_bForceLocalPlayerDraw : 0xEE7
CBasePlayer->m_flStepSize : 0xEEC
CBasePlayer->m_bAllowAutoMovement : 0xEF0
CBasePlayer->m_skybox3d.scale : 0xEF8
CBasePlayer->m_skybox3d.origin : 0xEFC
CBasePlayer->m_skybox3d.area : 0xF08
CBasePlayer->m_skybox3d.fog.enable : 0xF4C
CBasePlayer->m_skybox3d.fog.blend : 0xF4D
CBasePlayer->m_skybox3d.fog.dirPrimary : 0xF10
CBasePlayer->m_skybox3d.fog.colorPrimary : 0xF1C
CBasePlayer->m_skybox3d.fog.colorSecondary : 0xF20
CBasePlayer->m_skybox3d.fog.start : 0xF2C
CBasePlayer->m_skybox3d.fog.end : 0xF30
CBasePlayer->m_skybox3d.fog.maxdensity : 0xF38
CBasePlayer->m_PlayerFog.m_hCtrl : 0xF54
CBasePlayer->m_audio.localSound[0] : 0xF78
CBasePlayer->m_audio.localSound[1] : 0xF84
CBasePlayer->m_audio.localSound[2] : 0xF90
CBasePlayer->m_audio.localSound[3] : 0xF9C
CBasePlayer->m_audio.localSound[4] : 0xFA8
CBasePlayer->m_audio.localSound[5] : 0xFB4
CBasePlayer->m_audio.localSound[6] : 0xFC0
CBasePlayer->m_audio.localSound[7] : 0xFCC
CBasePlayer->m_audio.soundscapeIndex : 0xFD8
CBasePlayer->m_audio.localBits : 0xFDC
CBasePlayer->m_audio.entIndex : 0xFE0
CBasePlayer->m_szScriptOverlayMaterial : 0xFE5
CBasePlayer->m_Local : 0xDFC
CBasePlayer->m_vecViewOffset[0] : 0xEC
CBasePlayer->m_vecViewOffset[1] : 0xF0
CBasePlayer->m_vecViewOffset[2] : 0xF4
CBasePlayer->m_flFriction : 0x278
CBasePlayer->m_iAmmo : 0xC5C
CBasePlayer->m_fOnTarget : 0x1130
CBasePlayer->m_nTickBase : 0x1234
CBasePlayer->m_nNextThinkTick : 0x78
CBasePlayer->m_hLastWeapon : 0x1248
CBasePlayer->m_hGroundEntity : 0x270
CBasePlayer->m_vecVelocity[0] : 0x110
CBasePlayer->m_vecVelocity[1] : 0x114
CBasePlayer->m_vecVelocity[2] : 0x118
CBasePlayer->m_vecBaseVelocity : 0x174
CBasePlayer->m_hConstraintEntity : 0x1168
CBasePlayer->m_vecConstraintCenter : 0x116C
CBasePlayer->m_flConstraintRadius : 0x1178
CBasePlayer->m_flConstraintWidth : 0x117C
CBasePlayer->m_flConstraintSpeedFactor : 0x1180
CBasePlayer->m_flDeathTime : 0x11A8
CBasePlayer->m_nWaterLevel : 0x198
CBasePlayer->m_flLaggedMovementValue : 0x1384
CBasePlayer->localdata : 0x0
CBasePlayer->m_Attributes : 0x10EC
CBasePlayer->m_AttributeList : 0x10EC
CBasePlayer->deadflag : 0x110C
CBasePlayer->pl : 0x1108
CBasePlayer->m_iFOV : 0x111C
CBasePlayer->m_iFOVStart : 0x1120
CBasePlayer->m_flFOVTime : 0x1124
CBasePlayer->m_iDefaultFOV : 0x1128
CBasePlayer->m_hZoomOwner : 0x112C
CBasePlayer->m_hVehicle : 0x11B4
CBasePlayer->m_hUseEntity : 0x11BC
CBasePlayer->m_iHealth : 0x98
CBasePlayer->m_lifeState : 0x95
CBasePlayer->m_iBonusProgress : 0x11C4
CBasePlayer->m_iBonusChallenge : 0x11C8
CBasePlayer->m_flMaxspeed : 0x11C0
CBasePlayer->m_fFlags : 0x36C
CBasePlayer->m_iObserverMode : 0x1184
CBasePlayer->m_hObserverTarget : 0x1188
CBasePlayer->m_hViewModel[0] : 0x1260
CBasePlayer->m_hViewModel : 0x0
CBasePlayer->m_szLastPlaceName : 0x13A4
CBasePlayer->m_hMyWearables : 0x0
CBaseFlex->m_flexWeight : 0x938
CBaseFlex->m_blinktoggle : 0xAE8
CBaseFlex->m_viewtarget : 0x8FC
CBaseEntity->m_flAnimTime : 0x54
CBaseEntity->AnimTimeMustBeFirst : 0x0
CBaseEntity->m_flSimulationTime : 0x5C
CBaseEntity->m_ubInterpolationFrame : 0x68
CBaseEntity->m_vecOrigin : 0x354
CBaseEntity->m_angRotation : 0x360
CBaseEntity->m_nModelIndex : 0x80
CBaseEntity->m_fEffects : 0x6C
CBaseEntity->m_nRenderMode : 0x70
CBaseEntity->m_nRenderFX : 0x48
CBaseEntity->m_clrRender : 0x4C
CBaseEntity->m_iTeamNum : 0xA0
CBaseEntity->m_CollisionGroup : 0x370
CBaseEntity->m_flElasticity : 0x264
CBaseEntity->m_flShadowCastDistance : 0x268
CBaseEntity->m_hOwnerEntity : 0x4F4
CBaseEntity->m_hEffectEntity : 0x4F8
CBaseEntity->moveparent : 0x1AC
CBaseEntity->m_iParentAttachment : 0x196
CBaseEntity->movetype : 0x0
CBaseEntity->movecollide : 0x0
CBaseEntity->m_vecMinsPreScaled : 0x1C0
CBaseEntity->m_vecMaxsPreScaled : 0x1CC
CBaseEntity->m_vecMins : 0x1D8
CBaseEntity->m_vecMaxs : 0x1E4
CBaseEntity->m_nSolidType : 0x1F9
CBaseEntity->m_usSolidFlags : 0x1F4
CBaseEntity->m_nSurroundType : 0x1F8
CBaseEntity->m_triggerBloat : 0x1FA
CBaseEntity->m_bUniformTriggerBloat : 0x1FB
CBaseEntity->m_vecSpecifiedSurroundingMinsPreScaled : 0x1FC
CBaseEntity->m_vecSpecifiedSurroundingMaxsPreScaled : 0x208
CBaseEntity->m_vecSpecifiedSurroundingMins : 0x214
CBaseEntity->m_vecSpecifiedSurroundingMaxs : 0x220
CBaseEntity->m_Collision : 0x1B8
CBaseEntity->m_iTextureFrameIndex : 0x4E8
CBaseEntity->m_PredictableID : 0xA4
CBaseEntity->m_bIsPlayerSimulated : 0x4E4
CBaseEntity->predictable_id : 0x0
CBaseEntity->m_bSimulatedEveryTick : 0x4E5
CBaseEntity->m_bAnimatedEveryTick : 0x4E6
CBaseEntity->m_bAlternateSorting : 0x4E7
CBaseEntity->m_nModelIndexOverrides : 0x84
CBaseDoor->m_flWaveHeight : 0x540
CBaseCombatCharacter->m_flNextAttack : 0xC54
CBaseCombatCharacter->bcc_localdata : 0x0
CBaseCombatCharacter->m_hActiveWeapon : 0xD9C
CBaseCombatCharacter->m_hMyWeapons : 0xCDC
CBaseCombatCharacter->m_bGlowEnabled : 0xDA1
CBaseAnimatingOverlay->m_AnimOverlay : 0x0
CBaseAnimatingOverlay->overlay_vars : 0x0
CBoneFollower->m_modelIndex : 0x540
CBoneFollower->m_solidIndex : 0x544
CBaseAnimating->m_nSequence : 0x7E8
CBaseAnimating->m_nForceBone : 0x588
CBaseAnimating->m_vecForce : 0x57C
CBaseAnimating->m_nSkin : 0x548
CBaseAnimating->m_nBody : 0x54C
CBaseAnimating->m_nHitboxSet : 0x550
CBaseAnimating->m_flModelScale : 0x648
CBaseAnimating->m_flModelWidthScale : 0x648
CBaseAnimating->m_flPoseParameter : 0x64C
CBaseAnimating->m_flPlaybackRate : 0x570
CBaseAnimating->m_flEncodedController : 0x768
CBaseAnimating->m_bClientSideAnimation : 0x7B8
CBaseAnimating->m_bClientSideFrameReset : 0x5B8
CBaseAnimating->m_nNewSequenceParity : 0x7BC
CBaseAnimating->m_nResetEventsParity : 0x7C0
CBaseAnimating->m_nMuzzleFlashParity : 0x874
CBaseAnimating->m_hLightingOrigin : 0x86C
CBaseAnimating->m_hLightingOriginRelative : 0x870
CBaseAnimating->m_flCycle : 0x7F0
CBaseAnimating->serveranimdata : 0x0
CBaseAnimating->m_fadeMinDist : 0x5F0
CBaseAnimating->m_fadeMaxDist : 0x5F4
CBaseAnimating->m_flFadeScale : 0x5F8
CInfoLightingRelative->m_hLightingLandmark : 0x540
CAI_BaseNPC->m_lifeState : 0x95
CAI_BaseNPC->m_bPerformAvoidance : 0xDBC
CAI_BaseNPC->m_bIsMoving : 0xDBD
CAI_BaseNPC->m_bFadeCorpse : 0xDBE
CAI_BaseNPC->m_iDeathPose : 0xDAC
CAI_BaseNPC->m_iDeathFrame : 0xDB0
CAI_BaseNPC->m_iSpeedModRadius : 0xDB4
CAI_BaseNPC->m_iSpeedModSpeed : 0xDB8
CAI_BaseNPC->m_bSpeedModActive : 0xDBF
CAI_BaseNPC->m_bImportanRagdoll : 0xDC0
CAI_BaseNPC->m_flTimePingEffect : 0xDA8
CWeaponIFMBaseCamera->m_flRenderAspectRatio : 0xC5C
CWeaponIFMBaseCamera->m_flRenderFOV : 0xC60
CWeaponIFMBaseCamera->m_flRenderArmLength : 0xC64
CWeaponIFMBaseCamera->m_vecRenderPosition : 0xC68
CWeaponIFMBaseCamera->m_angRenderAngles : 0xC74
CTFWearableLevelableItem->m_unLevel : 0xA6C
CTFWearableCampaignItem->m_nState : 0xA6C
CTFRobotArm->m_hRobotArm : 0xC34
CTFThrowable->m_flChargeBeginTime : 0xC30
CTFKatana->m_bIsBloody : 0xC38
CSniperDot->m_flChargeStartTime : 0x560
CTFSniperRifleClassic->m_bCharging : 0xC44
CTFSniperRifle->m_flChargedDamage : 0xC2C
CTFSniperRifle->SniperRifleLocalData : 0x0
CTFChargedSMG->m_flMinicritCharge : 0xC28
CTFSlap->m_bFirstHit : 0xC32
CTFSlap->m_nNumKills : 0xC34
CTFRocketPack->m_flInitLaunchTime : 0xC34
CTFRocketPack->m_flLaunchTime : 0xC38
CTFRocketPack->m_flToggleEndTime : 0xC3C
CTFRocketPack->m_bEnabled : 0xC41
CTFCrossbow->m_flRegenerateDuration : 0xC30
CTFCrossbow->m_flLastUsedTimestamp : 0xC34
CTFRaygun->m_bUseNewProjectileCode : 0xC35
CTFPipebombLauncher->m_iPipebombCount : 0xC2C
CTFPipebombLauncher->m_flChargeBeginTime : 0xC54
CTFPipebombLauncher->PipebombLauncherLocalData : 0x0
CPasstimeGun->m_eThrowState : 0xC58
CPasstimeGun->m_fChargeBeginTime : 0xC5C
CTFParticleCannon->m_flChargeBeginTime : 0xC30
CTFParticleCannon->m_iChargeEffect : 0xC34
CTFMinigun->m_iWeaponState : 0xC28
CTFMinigun->m_bCritShot : 0xC2C
CWeaponMedigun->m_hHealingTarget : 0xC28
CWeaponMedigun->m_bHealing : 0xC31
CWeaponMedigun->m_bAttacking : 0xC32
CWeaponMedigun->m_bChargeRelease : 0xC45
CWeaponMedigun->m_bHolstered : 0xC44
CWeaponMedigun->m_nChargeResistType : 0xC4C
CWeaponMedigun->m_hLastHealingTarget : 0xC2C
CWeaponMedigun->m_flChargeLevel : 0xC48
CWeaponMedigun->LocalTFWeaponMedigunData : 0x0
CWeaponMedigun->m_flChargeLevel : 0xC48
CWeaponMedigun->NonLocalTFWeaponMedigunData : 0x0
CTFLunchBox->m_bBroken : 0xC2C
CTFKnife->m_bReadyToBackstab : 0xC40
CTFKnife->m_bKnifeExists : 0xC41
CTFKnife->m_flKnifeRegenerateDuration : 0xC44
CTFKnife->m_flKnifeMeltTimestamp : 0xC48
CTFGrenadePipebombProjectile->m_bTouched : 0x8D9
CTFGrenadePipebombProjectile->m_iType : 0x8DC
CTFGrenadePipebombProjectile->m_hLauncher : 0x8C8
CTFGrenadePipebombProjectile->m_bDefensiveBomb : 0x8F0
CTFGrenadeLauncher->m_flDetonateTime : 0xC30
CTFGrenadeLauncher->m_iCurrentTube : 0xC34
CTFGrenadeLauncher->m_iGoalTube : 0xC38
CTFGrapplingHook->m_hProjectile : 0xC3C
CTFFlareGun_Revenge->m_fLastExtinguishTime : 0xC3C
CTFFlareGun->m_flChargeBeginTime : 0xC28
CTFFlameThrower->m_iWeaponState : 0xC28
CTFFlameThrower->m_bCritFire : 0xC2C
CTFFlameThrower->m_bHitTarget : 0xC2D
CTFFlameThrower->m_flChargeBeginTime : 0xC38
CTFFlameThrower->m_iActiveFlames : 0xC30
CTFFlameThrower->m_iDamagingFlames : 0xC34
CTFFlameThrower->m_hFlameManager : 0xC40
CTFFlameThrower->m_bHasHalloweenSpell : 0xC44
CTFFlameThrower->LocalFlameThrowerData : 0x0
CTFWeaponFlameBall->m_flRechargeScale : 0xEB4
CTFCompoundBow->m_bArrowAlight : 0xC5D
CTFCompoundBow->m_bNoFire : 0xC5C
CTFStickBomb->m_iDetonated : 0xC34
CTFBreakableMelee->m_bBroken : 0xC32
CTFBaseRocket->m_vInitialVelocity : 0x898
CTFBaseRocket->m_vecOrigin : 0x354
CTFBaseRocket->m_angRotation : 0x360
CTFBaseRocket->m_iDeflected : 0x8A4
CTFBaseRocket->m_hLauncher : 0x8B0
CTFWeaponBaseGrenadeProj->m_vInitialVelocity : 0x8BC
CTFWeaponBaseGrenadeProj->m_bCritical : 0x8D8
CTFWeaponBaseGrenadeProj->m_iDeflected : 0x8CC
CTFWeaponBaseGrenadeProj->m_vecOrigin : 0x354
CTFWeaponBaseGrenadeProj->m_angRotation : 0x360
CTFWeaponBaseGrenadeProj->m_hDeflectOwner : 0x8D0
CTFWeaponBase->m_bLowered : 0xB28
CTFWeaponBase->m_iReloadMode : 0xB0C
CTFWeaponBase->m_bResetParity : 0xBCC
CTFWeaponBase->m_bReloadedThroughAnimEvent : 0xBE4
CTFWeaponBase->m_bDisguiseWeapon : 0xBF0
CTFWeaponBase->m_flLastCritCheckTime : 0xB38
CTFWeaponBase->m_flReloadPriorNextFire : 0xB10
CTFWeaponBase->m_flLastFireTime : 0xBF4
CTFWeaponBase->m_flEffectBarRegenTime : 0xB04
CTFWeaponBase->m_flObservedCritChance : 0xC00
CTFWeaponBase->LocalActiveTFWeaponData : 0x0
CTFWeaponBase->NonLocalTFWeaponData : 0x0
CTFWeaponBase->m_flEnergy : 0xBE8
CTFWeaponBase->m_hExtraWearable : 0xBF8
CTFWeaponBase->m_hExtraWearableViewModel : 0xBFC
CTFWeaponBase->m_bBeingRepurposedForTaunt : 0xC04
CTFWeaponBase->m_nKillComboClass : 0xC08
CTFWeaponBase->m_nKillComboCount : 0xC0C
CTFWeaponBase->m_flInspectAnimEndTime : 0xC10
CTFWeaponBase->m_nInspectStage : 0xC14
CTFWeaponBase->m_iConsecutiveShots : 0xBEC
CTFRobotDestruction_Robot->m_iHealth : 0xDB0
CTFRobotDestruction_Robot->m_iMaxHealth : 0xDB4
CTFRobotDestruction_Robot->m_eType : 0xE14
CTFReviveMarker->m_hOwner : 0x894
CTFReviveMarker->m_iHealth : 0x8A0
CTFReviveMarker->m_iMaxHealth : 0x8A4
CTFReviveMarker->m_nRevives : 0x89C
CTFProjectile_BallOfFire->m_vecInitialVelocity : 0x8DC
CTFProjectile_BallOfFire->m_vecSpawnOrigin : 0x8D0
CTFBaseProjectile->m_vInitialVelocity : 0x8A0
CTFBaseProjectile->m_hLauncher : 0x8B0
CTFPointManager->m_nRandomSeed : 0x5D4
CTFPointManager->m_unNextPointIndex : 0x650
CTFPointManager->m_nSpawnTime : 0x5D8
CMannVsMachineStats->m_iCurrentWaveIdx : 0x594
CMannVsMachineStats->m_iServerWaveID : 0x598
CMannVsMachineStats->nCreditsDropped : 0x544
CMannVsMachineStats->nCreditsAcquired : 0x548
CMannVsMachineStats->nCreditsBonus : 0x54C
CMannVsMachineStats->nPlayerDeaths : 0x550
CMannVsMachineStats->nBuyBacks : 0x554
CMannVsMachineStats->m_runningTotalWaveStats : 0x540
CMannVsMachineStats->nCreditsDropped : 0x560
CMannVsMachineStats->nCreditsAcquired : 0x564
CMannVsMachineStats->nCreditsBonus : 0x568
CMannVsMachineStats->nPlayerDeaths : 0x56C
CMannVsMachineStats->nBuyBacks : 0x570
CMannVsMachineStats->m_previousWaveStats : 0x55C
CMannVsMachineStats->nCreditsDropped : 0x57C
CMannVsMachineStats->nCreditsAcquired : 0x580
CMannVsMachineStats->nCreditsBonus : 0x584
CMannVsMachineStats->nPlayerDeaths : 0x588
CMannVsMachineStats->nBuyBacks : 0x58C
CMannVsMachineStats->m_currentWaveStats : 0x578
CMannVsMachineStats->m_iCurrencyCollectedForRespec : 0x5F0
CMannVsMachineStats->m_nRespecsAwardedInWave : 0x5F4
CTFRobotDestructionLogic->m_nMaxPoints : 0x544
CTFRobotDestructionLogic->m_nBlueScore : 0x554
CTFRobotDestructionLogic->m_nRedScore : 0x558
CTFRobotDestructionLogic->m_nBlueTargetPoints : 0x55C
CTFRobotDestructionLogic->m_nRedTargetPoints : 0x560
CTFRobotDestructionLogic->m_flBlueTeamRespawnScale : 0x564
CTFRobotDestructionLogic->m_flRedTeamRespawnScale : 0x568
CTFRobotDestructionLogic->m_flBlueFinaleEndTime : 0x54C
CTFRobotDestructionLogic->m_flRedFinaleEndTime : 0x550
CTFRobotDestructionLogic->m_flFinaleLength : 0x548
CTFRobotDestructionLogic->m_szResFile : 0x56C
CTFRobotDestructionLogic->m_eWinningMethod : 0x670
CTFRobotDestructionLogic->m_flCountdownEndTime : 0x680
CTFRobotDestruction_RobotGroup->m_pszHudIcon : 0x548
CTFRobotDestruction_RobotGroup->m_iTeamNum : 0x544
CTFRobotDestruction_RobotGroup->m_nGroupNumber : 0x64C
CTFRobotDestruction_RobotGroup->m_nState : 0x650
CTFRobotDestruction_RobotGroup->m_flRespawnStartTime : 0x654
CTFRobotDestruction_RobotGroup->m_flRespawnEndTime : 0x658
CTFRobotDestruction_RobotGroup->m_flLastAttackedTime : 0x65C
CTFPlayerDestructionLogic->m_hRedTeamLeader : 0x684
CTFPlayerDestructionLogic->m_hBlueTeamLeader : 0x688
CTFPlayerDestructionLogic->m_iszCountdownImage : 0x68D
CTFPlayerDestructionLogic->m_bUsingCountdownImage : 0x68C
CTFMinigameLogic->m_hActiveMinigame : 0x540
CTFMiniGame->m_nMinigameTeamScore : 0x64C
CTFMiniGame->m_nMaxScoreForMiniGame : 0x648
CTFMiniGame->m_pszHudResFile : 0x544
CTFMiniGame->m_eScoringType : 0x65C
CTFWearable->m_bDisguiseWearable : 0xA48
CTFWearable->m_hWeaponAssociatedWith : 0xA4C
CTFPowerupBottle->m_bActive : 0xA6A
CTFPowerupBottle->m_usNumCharges : 0xA6B
CHalloweenSoulPack->m_hTarget : 0x540
CHalloweenSoulPack->m_vecPreCurvePos : 0x548
CHalloweenSoulPack->m_vecStartCurvePos : 0x554
CHalloweenSoulPack->m_flDuration : 0x560
CBonusRoundLogic->m_aBonusPlayerRoll : 0x0
CBonusRoundLogic->m_hBonusWinner : 0x570
CBonusRoundLogic->m_iItemDefinitionIndex : 0x5A4
CBonusRoundLogic->m_iEntityLevel : 0x5AC
CBonusRoundLogic->m_iItemIDHigh : 0x5B8
CBonusRoundLogic->m_iItemIDLow : 0x5BC
CBonusRoundLogic->m_iAccountID : 0x5C0
CBonusRoundLogic->m_iEntityQuality : 0x5A8
CBonusRoundLogic->m_bInitialized : 0x61C
CBonusRoundLogic->m_bOnlyIterateItemViewAttributes : 0x664
CBonusRoundLogic->m_Attributes : 0x62C
CBonusRoundLogic->m_AttributeList : 0x62C
CBonusRoundLogic->m_iTeamNumber : 0x618
CBonusRoundLogic->m_Attributes : 0x648
CBonusRoundLogic->m_NetworkedDynamicAttributesForDemos : 0x648
CBonusRoundLogic->m_Item : 0x580
CTFGameRulesProxy->m_nGameType : 0x234
CTFGameRulesProxy->m_nStopWatchState : 0x238
CTFGameRulesProxy->m_pszTeamGoalStringRed : 0x23C
CTFGameRulesProxy->m_pszTeamGoalStringBlue : 0x33C
CTFGameRulesProxy->m_flCapturePointEnableTime : 0x43C
CTFGameRulesProxy->m_nHudType : 0x444
CTFGameRulesProxy->m_bIsInTraining : 0x448
CTFGameRulesProxy->m_bAllowTrainingAchievements : 0x449
CTFGameRulesProxy->m_bIsWaitingForTrainingContinue : 0x44A
CTFGameRulesProxy->m_bIsTrainingHUDVisible : 0x44B
CTFGameRulesProxy->m_bIsInItemTestingMode : 0x44C
CTFGameRulesProxy->m_hBonusLogic : 0x45C
CTFGameRulesProxy->m_bPlayingKoth : 0x460
CTFGameRulesProxy->m_bPlayingMedieval : 0x463
CTFGameRulesProxy->m_bPlayingHybrid_CTF_CP : 0x464
CTFGameRulesProxy->m_bPlayingSpecialDeliveryMode : 0x465
CTFGameRulesProxy->m_bPlayingRobotDestructionMode : 0x462
CTFGameRulesProxy->m_hRedKothTimer : 0x47C
CTFGameRulesProxy->m_hBlueKothTimer : 0x480
CTFGameRulesProxy->m_nMapHolidayType : 0x484
CTFGameRulesProxy->m_itHandle : 0x88C
CTFGameRulesProxy->m_bPlayingMannVsMachine : 0x466
CTFGameRulesProxy->m_hBirthdayPlayer : 0x890
CTFGameRulesProxy->m_nBossHealth : 0x880
CTFGameRulesProxy->m_nMaxBossHealth : 0x884
CTFGameRulesProxy->m_fBossNormalizedTravelDistance : 0x888
CTFGameRulesProxy->m_bMannVsMachineAlarmStatus : 0x467
CTFGameRulesProxy->m_bHaveMinPlayersToEnableReady : 0x468
CTFGameRulesProxy->m_bBountyModeEnabled : 0x469
CTFGameRulesProxy->m_nHalloweenEffect : 0x894
CTFGameRulesProxy->m_fHalloweenEffectStartTime : 0x898
CTFGameRulesProxy->m_fHalloweenEffectDuration : 0x89C
CTFGameRulesProxy->m_halloweenScenario : 0x8A0
CTFGameRulesProxy->m_bHelltowerPlayersInHell : 0x475
CTFGameRulesProxy->m_bIsUsingSpells : 0x476
CTFGameRulesProxy->m_bCompetitiveMode : 0x46A
CTFGameRulesProxy->m_nMatchGroupType : 0x470
CTFGameRulesProxy->m_bMatchEnded : 0x474
CTFGameRulesProxy->m_bPowerupMode : 0x461
CTFGameRulesProxy->m_pszCustomUpgradesFile : 0x488
CTFGameRulesProxy->m_bTruceActive : 0x477
CTFGameRulesProxy->m_bShowMatchSummary : 0x58C
CTFGameRulesProxy->"m_bShowCompetitiveMatchSummary" : 0x58C
CTFGameRulesProxy->m_bTeamsSwitched : 0x478
CTFGameRulesProxy->m_bMapHasMatchSummaryStage : 0x58D
CTFGameRulesProxy->m_bPlayersAreOnMatchSummaryStage : 0x58E
CTFGameRulesProxy->m_bStopWatchWinner : 0x58F
CTFGameRulesProxy->m_ePlayerWantsRematch : 0x590
CTFGameRulesProxy->m_eRematchState : 0x728
CTFGameRulesProxy->m_nNextMapVoteOptions : 0x72C
CTFGameRulesProxy->m_nForceUpgrades : 0x8A4
CTFGameRulesProxy->m_nForceEscortPushLogic : 0x8A8
CTFGameRulesProxy->m_bRopesHolidayLightsAllowed : 0x479
CTFGameRulesProxy->tf_gamerules_data : 0x0
CTFFlameManager->m_hWeapon : 0x69C
CTFFlameManager->m_hAttacker : 0x6A0
CTFFlameManager->m_flSpreadDegree : 0x6A4
CTFFlameManager->m_flRedirectedFlameSizeMult : 0x6A8
CTFFlameManager->m_flFlameStartSizeMult : 0x6AC
CTFFlameManager->m_flFlameEndSizeMult : 0x6B0
CTFFlameManager->m_flFlameIgnorePlayerVelocity : 0x6B4
CTFFlameManager->m_flFlameReflectionAdditionalLifeTime : 0x6B8
CTFFlameManager->m_flFlameReflectionDamageReduction : 0x6BC
CTFFlameManager->m_iMaxFlameReflectionCount : 0x6C0
CTFFlameManager->m_nShouldReflect : 0x6C4
CTFFlameManager->m_flFlameSpeed : 0x6C8
CTFFlameManager->m_flFlameLifeTime : 0x6CC
CTFFlameManager->m_flRandomLifeTimeOffset : 0x6D0
CTFFlameManager->m_flFlameGravity : 0x6D4
CTFFlameManager->m_flFlameDrag : 0x6D8
CTFFlameManager->m_flFlameUp : 0x6DC
CTFFlameManager->m_bIsFiring : 0x6E0
CTFDroppedWeapon->m_iItemDefinitionIndex : 0x8BC
CTFDroppedWeapon->m_iEntityLevel : 0x8C4
CTFDroppedWeapon->m_iItemIDHigh : 0x8D0
CTFDroppedWeapon->m_iItemIDLow : 0x8D4
CTFDroppedWeapon->m_iAccountID : 0x8D8
CTFDroppedWeapon->m_iEntityQuality : 0x8C0
CTFDroppedWeapon->m_bInitialized : 0x934
CTFDroppedWeapon->m_bOnlyIterateItemViewAttributes : 0x97C
CTFDroppedWeapon->m_Attributes : 0x944
CTFDroppedWeapon->m_AttributeList : 0x944
CTFDroppedWeapon->m_iTeamNumber : 0x930
CTFDroppedWeapon->m_Attributes : 0x960
CTFDroppedWeapon->m_NetworkedDynamicAttributesForDemos : 0x960
CTFDroppedWeapon->m_Item : 0x898
CTFDroppedWeapon->m_flChargeLevel : 0x980
CTFSpellBook->m_iSelectedSpellIndex : 0xC4C
CTFSpellBook->m_iSpellCharges : 0xC50
CTFSpellBook->m_flTimeNextSpell : 0xC48
CTFSpellBook->m_bFiredAttack : 0xC54
CHightower_TeleportVortex->m_iState : 0x8A0
CTeleportVortex->m_iState : 0x8A0
CHalloweenGiftPickup->m_hTargetPlayer : 0x8A0
CBonusDuckPickup->m_bSpecial : 0x8A8
CCaptureFlag->m_bDisabled : 0x8BC
CCaptureFlag->m_bVisibleWhenDisabled : 0x8BD
CCaptureFlag->m_nType : 0x8C0
CCaptureFlag->m_nFlagStatus : 0x8C4
CCaptureFlag->m_flResetTime : 0x8C8
CCaptureFlag->m_flNeutralTime : 0x8D0
CCaptureFlag->m_flMaxResetTime : 0x8CC
CCaptureFlag->m_hPrevOwner : 0x8D4
CCaptureFlag->m_szModel : 0x8E1
CCaptureFlag->m_szHudIcon : 0x9E5
CCaptureFlag->m_szPaperEffect : 0xAE9
CCaptureFlag->m_szTrailEffect : 0xBED
CCaptureFlag->m_nUseTrailEffect : 0xCF4
CCaptureFlag->m_nPointValue : 0x8D8
CCaptureFlag->m_flAutoCapTime : 0x8DC
CCaptureFlag->m_bGlowEnabled : 0x8E0
CCaptureFlag->m_flTimeToSetPoisonous : 0xD18
CHandleTest->m_Handle : 0x540
CHandleTest->m_bSendHandle : 0x544
CTeamRoundTimer->m_bTimerPaused : 0x53D
CTeamRoundTimer->m_flTimeRemaining : 0x540
CTeamRoundTimer->m_flTimerEndTime : 0x544
CTeamRoundTimer->m_nTimerMaxLength : 0x554
CTeamRoundTimer->m_bIsDisabled : 0x548
CTeamRoundTimer->m_bShowInHUD : 0x549
CTeamRoundTimer->m_nTimerLength : 0x54C
CTeamRoundTimer->m_nTimerInitialLength : 0x550
CTeamRoundTimer->m_bAutoCountdown : 0x558
CTeamRoundTimer->m_nSetupTimeLength : 0x55C
CTeamRoundTimer->m_nState : 0x560
CTeamRoundTimer->m_bStartPaused : 0x564
CTeamRoundTimer->m_bShowTimeRemaining : 0x565
CTeamRoundTimer->m_bInCaptureWatchState : 0x566
CTeamRoundTimer->m_bStopWatchTimer : 0x56C
CTeamRoundTimer->m_flTotalTime : 0x568
CTeamplayRoundBasedRulesProxy->m_iRoundState : 0x44
CTeamplayRoundBasedRulesProxy->m_bInWaitingForPlayers : 0x54
CTeamplayRoundBasedRulesProxy->m_iWinningTeam : 0x4C
CTeamplayRoundBasedRulesProxy->m_bInOvertime : 0x48
CTeamplayRoundBasedRulesProxy->m_bInSetup : 0x49
CTeamplayRoundBasedRulesProxy->m_bSwitchedTeamsThisRound : 0x4A
CTeamplayRoundBasedRulesProxy->m_bAwaitingReadyRestart : 0x55
CTeamplayRoundBasedRulesProxy->m_flRestartRoundTime : 0x58
CTeamplayRoundBasedRulesProxy->m_flMapResetTime : 0x5C
CTeamplayRoundBasedRulesProxy->m_nRoundsPlayed : 0x16C
CTeamplayRoundBasedRulesProxy->m_flNextRespawnWave : 0x60
CTeamplayRoundBasedRulesProxy->m_TeamRespawnWaveTimes : 0x178
CTeamplayRoundBasedRulesProxy->m_bTeamReady : 0xE0
CTeamplayRoundBasedRulesProxy->m_bStopWatch : 0x100
CTeamplayRoundBasedRulesProxy->m_bMultipleTrains : 0x101
CTeamplayRoundBasedRulesProxy->m_bPlayerReady : 0x102
CTeamplayRoundBasedRulesProxy->m_bCheatsEnabledDuringLevel : 0x168
CTeamplayRoundBasedRulesProxy->m_flCountdownTime : 0x170
CTeamplayRoundBasedRulesProxy->m_flStateTransitionTime : 0x174
CTeamplayRoundBasedRulesProxy->teamplayroundbased_gamerules_data : 0x0
CSpriteTrail->m_flLifeTime : 0x1DD4
CSpriteTrail->m_flStartWidth : 0x1DD8
CSpriteTrail->m_flEndWidth : 0x1DDC
CSpriteTrail->m_flStartWidthVariance : 0x1DE0
CSpriteTrail->m_flTextureRes : 0x1DE4
CSpriteTrail->m_flMinFadeLength : 0x1DE8
CSpriteTrail->m_vecSkyboxOrigin : 0x1DEC
CSpriteTrail->m_flSkyboxScale : 0x1DF8
CSprite->m_hAttachedToEntity : 0x550
CSprite->m_nAttachment : 0x554
CSprite->m_flScaleTime : 0x570
CSprite->m_flSpriteScale : 0x56C
CSprite->m_flSpriteFramerate : 0x558
CSprite->m_flGlowProxySize : 0x578
CSprite->m_flHDRColorScale : 0x57C
CSprite->m_flFrame : 0x55C
CSprite->m_flBrightnessTime : 0x568
CSprite->m_nBrightness : 0x564
CSprite->m_bWorldSpaceScale : 0x574
CPoseController->m_hProps : 0x540
CPoseController->m_chPoseIndex : 0x550
CPoseController->m_bPoseValueParity : 0x554
CPoseController->m_fPoseValue : 0x558
CPoseController->m_fInterpolationTime : 0x55C
CPoseController->m_bInterpolationWrap : 0x560
CPoseController->m_fCycleFrequency : 0x564
CPoseController->m_nFModType : 0x568
CPoseController->m_fFModTimeOffset : 0x56C
CPoseController->m_fFModRate : 0x570
CPoseController->m_fFModAmplitude : 0x574
CFuncLadder->m_vecPlayerMountPositionTop : 0x560
CFuncLadder->m_vecPlayerMountPositionBottom : 0x56C
CFuncLadder->m_vecLadderDir : 0x540
CFuncLadder->m_bFakeLadder : 0x579
CEnvDetailController->m_flFadeStartDist : 0x540
CEnvDetailController->m_flFadeEndDist : 0x544
CBaseAttributableItem->m_hOuter : 0x8DC
CBaseAttributableItem->m_ProviderType : 0x8E4
CBaseAttributableItem->m_iReapplyProvisionParity : 0x8D8
CBaseAttributableItem->m_iItemDefinitionIndex : 0x928
CBaseAttributableItem->m_iEntityLevel : 0x930
CBaseAttributableItem->m_iItemIDHigh : 0x93C
CBaseAttributableItem->m_iItemIDLow : 0x940
CBaseAttributableItem->m_iAccountID : 0x944
CBaseAttributableItem->m_iEntityQuality : 0x92C
CBaseAttributableItem->m_bInitialized : 0x9A0
CBaseAttributableItem->m_bOnlyIterateItemViewAttributes : 0x9E8
CBaseAttributableItem->m_Attributes : 0x9B0
CBaseAttributableItem->m_AttributeList : 0x9B0
CBaseAttributableItem->m_iTeamNumber : 0x99C
CBaseAttributableItem->m_Attributes : 0x9CC
CBaseAttributableItem->m_NetworkedDynamicAttributesForDemos : 0x9CC
CBaseAttributableItem->m_Item : 0x904
CBaseAttributableItem->m_AttributeManager : 0x8A4
CEconEntity->m_hOuter : 0x8DC
CEconEntity->m_ProviderType : 0x8E4
CEconEntity->m_iReapplyProvisionParity : 0x8D8
CEconEntity->m_iItemDefinitionIndex : 0x928
CEconEntity->m_iEntityLevel : 0x930
CEconEntity->m_iItemIDHigh : 0x93C
CEconEntity->m_iItemIDLow : 0x940
CEconEntity->m_iAccountID : 0x944
CEconEntity->m_iEntityQuality : 0x92C
CEconEntity->m_bInitialized : 0x9A0
CEconEntity->m_bOnlyIterateItemViewAttributes : 0x9E8
CEconEntity->m_Attributes : 0x9B0
CEconEntity->m_AttributeList : 0x9B0
CEconEntity->m_iTeamNumber : 0x99C
CEconEntity->m_Attributes : 0x9CC
CEconEntity->m_NetworkedDynamicAttributesForDemos : 0x9CC
CEconEntity->m_Item : 0x904
CEconEntity->m_AttributeManager : 0x8A4
CEconEntity->m_bValidatedAttachedEntity : 0x9EC
CBeam->m_nBeamType : 0x55C
CBeam->m_nBeamFlags : 0x560
CBeam->m_nNumBeamEnts : 0x550
CBeam->m_hAttachEntity : 0x564
CBeam->m_nAttachIndex : 0x58C
CBeam->m_nHaloIndex : 0x558
CBeam->m_fHaloScale : 0x5C0
CBeam->m_fWidth : 0x5B4
CBeam->m_fEndWidth : 0x5B8
CBeam->m_fFadeLength : 0x5BC
CBeam->m_fAmplitude : 0x5C4
CBeam->m_fStartFrame : 0x5C8
CBeam->m_fSpeed : 0x5CC
CBeam->m_flFrameRate : 0x540
CBeam->m_flHDRColorScale : 0x544
CBeam->m_clrRender : 0x4C
CBeam->m_nRenderFX : 0x48
CBeam->m_nRenderMode : 0x70
CBeam->m_flFrame : 0x5D4
CBeam->m_vecEndPos : 0x5D8
CBeam->m_nModelIndex : 0x80
CBeam->m_nMinDXLevel : 0x5D0
CBeam->m_vecOrigin : 0x354
CBeam->moveparent : 0x1AC
CBeam->m_PredictableID : 0xA4
CBeam->m_bIsPlayerSimulated : 0x4E4
CBeam->beampredictable_id : 0x0
CBaseViewModel->m_nModelIndex : 0x80
CBaseViewModel->m_nSkin : 0x548
CBaseViewModel->m_nBody : 0x54C
CBaseViewModel->m_nSequence : 0x7E8
CBaseViewModel->m_nViewModelIndex : 0x8A4
CBaseViewModel->m_flPlaybackRate : 0x570
CBaseViewModel->m_fEffects : 0x6C
CBaseViewModel->m_nAnimationParity : 0x8B4
CBaseViewModel->m_hWeapon : 0x8C4
CBaseViewModel->m_hOwner : 0x8A8
CBaseViewModel->m_nNewSequenceParity : 0x7BC
CBaseViewModel->m_nResetEventsParity : 0x7C0
CBaseViewModel->m_nMuzzleFlashParity : 0x874
CBaseViewModel->m_flPoseParameter[0] : 0x64C
CBaseViewModel->m_flPoseParameter : 0x0
CBaseProjectile->m_hOriginalLauncher : 0x894
CBaseGrenade->m_flDamage : 0x8AC
CBaseGrenade->m_DmgRadius : 0x89C
CBaseGrenade->m_bIsLive : 0x899
CBaseGrenade->m_hThrower : 0x8B4
CBaseGrenade->m_vecVelocity : 0x110
CBaseGrenade->m_fFlags : 0x36C
CBaseCombatWeapon->m_iClip1 : 0xA90
CBaseCombatWeapon->m_iClip2 : 0xA94
CBaseCombatWeapon->m_iPrimaryAmmoType : 0xA88
CBaseCombatWeapon->m_iSecondaryAmmoType : 0xA8C
CBaseCombatWeapon->m_nViewModelIndex : 0xA48
CBaseCombatWeapon->m_nCustomViewmodelModelIndex : 0xADC
CBaseCombatWeapon->m_bFlipViewModel : 0xAC0
CBaseCombatWeapon->LocalWeaponData : 0x0
CBaseCombatWeapon->m_flNextPrimaryAttack : 0xA4C
CBaseCombatWeapon->m_flNextSecondaryAttack : 0xA50
CBaseCombatWeapon->m_nNextThinkTick : 0x78
CBaseCombatWeapon->m_flTimeWeaponIdle : 0xA54
CBaseCombatWeapon->LocalActiveWeaponData : 0x0
CBaseCombatWeapon->m_iViewModelIndex : 0xA5C
CBaseCombatWeapon->m_iWorldModelIndex : 0xA60
CBaseCombatWeapon->m_iState : 0xA80
CBaseCombatWeapon->m_hOwner : 0xA38
CVoteController->m_iActiveIssueIndex : 0x548
CVoteController->m_nVoteIdx : 0x570
CVoteController->m_iOnlyTeamToVote : 0x54C
CVoteController->m_nVoteOptionCount : 0x550
CVoteController->m_nPotentialVotes : 0x568
CVoteController->m_bIsYesNoVote : 0x56E
